Determining if the pthread_create exist failed with the following output:
Change Dir: /home/adrii/talos_public_ws/build/aruco_ros/CMakeFiles/CMakeTmp

Run Build Command:"/usr/bin/make" "cmTC_33f4d/fast"
/usr/bin/make -f CMakeFiles/cmTC_33f4d.dir/build.make CMakeFiles/cmTC_33f4d.dir/build
make[1]: se entra en el directorio '/home/adrii/talos_public_ws/build/aruco_ros/CMakeFiles/CMakeTmp'
Building C object CMakeFiles/cmTC_33f4d.dir/CheckSymbolExists.c.o
/usr/bin/cc     -o CMakeFiles/cmTC_33f4d.dir/CheckSymbolExists.c.o   -c /home/adrii/talos_public_ws/build/aruco_ros/CMakeFiles/CMakeTmp/CheckSymbolExists.c
Linking C executable cmTC_33f4d
/usr/bin/cmake -E cmake_link_script CMakeFiles/cmTC_33f4d.dir/link.txt --verbose=1
/usr/bin/cc       CMakeFiles/cmTC_33f4d.dir/CheckSymbolExists.c.o  -o cmTC_33f4d -rdynamic 
CMakeFiles/cmTC_33f4d.dir/CheckSymbolExists.c.o: En la funci√≥n `main':
CheckSymbolExists.c:(.text+0x16): referencia a `pthread_create' sin definir
collect2: error: ld returned 1 exit status
CMakeFiles/cmTC_33f4d.dir/build.make:97: fallo en las instrucciones para el objetivo 'cmTC_33f4d'
make[1]: *** [cmTC_33f4d] Error 1
make[1]: se sale del directorio '/home/adrii/talos_public_ws/build/aruco_ros/CMakeFiles/CMakeTmp'
Makefile:126: fallo en las instrucciones para el objetivo 'cmTC_33f4d/fast'
make: *** [cmTC_33f4d/fast] Error 2

File /home/adrii/talos_public_ws/build/aruco_ros/CMakeFiles/CMakeTmp/CheckSymbolExists.c:
/* */
#include <pthread.h>

int main(int argc, char** argv)
{
  (void)argv;
#ifndef pthread_create
  return ((int*)(&pthread_create))[argc];
#else
  (void)argc;
  return 0;
#endif
}

Determining if the function pthread_create exists in the pthreads failed with the following output:
Change Dir: /home/adrii/talos_public_ws/build/aruco_ros/CMakeFiles/CMakeTmp

Run Build Command:"/usr/bin/make" "cmTC_3b292/fast"
/usr/bin/make -f CMakeFiles/cmTC_3b292.dir/build.make CMakeFiles/cmTC_3b292.dir/build
make[1]: se entra en el directorio '/home/adrii/talos_public_ws/build/aruco_ros/CMakeFiles/CMakeTmp'
Building C object CMakeFiles/cmTC_3b292.dir/CheckFunctionExists.c.o
/usr/bin/cc    -DCHECK_FUNCTION_EXISTS=pthread_create   -o CMakeFiles/cmTC_3b292.dir/CheckFunctionExists.c.o   -c /usr/share/cmake-3.5/Modules/CheckFunctionExists.c
Linking C executable cmTC_3b292
/usr/bin/cmake -E cmake_link_script CMakeFiles/cmTC_3b292.dir/link.txt --verbose=1
/usr/bin/cc   -DCHECK_FUNCTION_EXISTS=pthread_create    CMakeFiles/cmTC_3b292.dir/CheckFunctionExists.c.o  -o cmTC_3b292 -rdynamic -lpthreads 
/usr/bin/ld: no se puede encontrar -lpthreads
collect2: error: ld returned 1 exit status
CMakeFiles/cmTC_3b292.dir/build.make:97: fallo en las instrucciones para el objetivo 'cmTC_3b292'
make[1]: *** [cmTC_3b292] Error 1
make[1]: se sale del directorio '/home/adrii/talos_public_ws/build/aruco_ros/CMakeFiles/CMakeTmp'
Makefile:126: fallo en las instrucciones para el objetivo 'cmTC_3b292/fast'
make: *** [cmTC_3b292/fast] Error 2


