[35m[1mScanning dependencies of target look_to_aruco[0m
[  0%] Built target std_msgs_generate_messages_eus
[  0%] Built target astronaut_controllers_generate_messages_py
[  0%] Built target astronaut_controllers_generate_messages_nodejs
[ 25%] [32mBuilding CXX object CMakeFiles/look_to_aruco.dir/src/look_to_aruco.cpp.o[0m
[ 25%] Built target rosgraph_msgs_generate_messages_eus
[ 25%] Built target roscpp_generate_messages_py
[ 25%] Built target astronaut_controllers_generate_messages_lisp
[ 25%] Built target std_msgs_generate_messages_nodejs
[ 25%] Built target roscpp_generate_messages_eus
[ 25%] Built target roscpp_generate_messages_cpp
[ 25%] Built target astronaut_controllers_generate_messages_cpp
[ 25%] Built target std_msgs_generate_messages_lisp
[ 25%] Built target astronaut_controllers_generate_messages_eus
[ 25%] Built target std_msgs_generate_messages_cpp
[ 25%] Built target rosgraph_msgs_generate_messages_nodejs
[ 25%] Built target rosgraph_msgs_generate_messages_cpp
[ 25%] Built target roscpp_generate_messages_nodejs
[ 25%] Built target rosgraph_msgs_generate_messages_lisp
[ 25%] Built target rosgraph_msgs_generate_messages_py
[ 25%] Built target std_msgs_generate_messages_py
[ 25%] Built target roscpp_generate_messages_lisp
[ 75%] Built target send_position
[01m[K/home/adrii/talos_public_ws/src/talos_astronaut/astronaut/src/look_to_aruco.cpp:[m[K In function â€˜[01m[Kint main(int, char**)[m[Kâ€™:
[01m[K/home/adrii/talos_public_ws/src/talos_astronaut/astronaut/src/look_to_aruco.cpp:23:35:[m[K [01;31m[Kerror: [m[Kâ€˜[01m[Knh[m[Kâ€™ was not declared in this scope
     ros::Subscriber goal_subscr = nh.subscribe("/goal_tolerance", 1000, goalReachedCallback);
[01;32m[K                                   ^[m[K
CMakeFiles/look_to_aruco.dir/build.make:62: fallo en las instrucciones para el objetivo 'CMakeFiles/look_to_aruco.dir/src/look_to_aruco.cpp.o'
make[2]: *** [CMakeFiles/look_to_aruco.dir/src/look_to_aruco.cpp.o] Error 1
CMakeFiles/Makefile2:67: fallo en las instrucciones para el objetivo 'CMakeFiles/look_to_aruco.dir/all'
make[1]: *** [CMakeFiles/look_to_aruco.dir/all] Error 2
Makefile:138: fallo en las instrucciones para el objetivo 'all'
make: *** [all] Error 2
