[35m[1mScanning dependencies of target look_to_aruco[0m
[  0%] Built target astronaut_controllers_generate_messages_nodejs
[  0%] Built target std_msgs_generate_messages_eus
[  0%] Built target astronaut_controllers_generate_messages_py
[  0%] Built target astronaut_controllers_generate_messages_lisp
[  0%] Built target roscpp_generate_messages_py
[  0%] Built target rosgraph_msgs_generate_messages_eus
[ 25%] [32mBuilding CXX object CMakeFiles/look_to_aruco.dir/src/look_to_aruco.cpp.o[0m
[ 25%] Built target roscpp_generate_messages_eus
[ 25%] Built target roscpp_generate_messages_cpp
[ 25%] Built target std_msgs_generate_messages_nodejs
[ 25%] Built target astronaut_controllers_generate_messages_eus
[ 25%] Built target astronaut_controllers_generate_messages_cpp
[ 25%] Built target std_msgs_generate_messages_lisp
[ 25%] Built target rosgraph_msgs_generate_messages_nodejs
[ 25%] Built target rosgraph_msgs_generate_messages_cpp
[ 25%] Built target std_msgs_generate_messages_cpp
[ 25%] Built target rosgraph_msgs_generate_messages_lisp
[ 25%] Built target roscpp_generate_messages_nodejs
[ 25%] Built target rosgraph_msgs_generate_messages_py
[ 25%] Built target std_msgs_generate_messages_py
[ 25%] Built target roscpp_generate_messages_lisp
[ 75%] Built target send_position
[01m[K/home/adrii/talos_public_ws/src/talos_astronaut/astronaut/src/look_to_aruco.cpp:[m[K In function â€˜[01m[Kint main(int, char**)[m[Kâ€™:
[01m[K/home/adrii/talos_public_ws/src/talos_astronaut/astronaut/src/look_to_aruco.cpp:9:49:[m[K [01;31m[Kerror: [m[Kâ€˜[01m[KFloat64[m[Kâ€™ is not a member of â€˜[01m[Kstd_msgs[m[Kâ€™
     ros::Publisher head_publisher = n.advertise<std_msgs::Float64>("/astronaut_head_pan_controller/command", 1000);
[01;32m[K                                                 ^[m[K
[01m[K/home/adrii/talos_public_ws/src/talos_astronaut/astronaut/src/look_to_aruco.cpp:9:49:[m[K [01;31m[Kerror: [m[Kâ€˜[01m[KFloat64[m[Kâ€™ is not a member of â€˜[01m[Kstd_msgs[m[Kâ€™
[01m[K/home/adrii/talos_public_ws/src/talos_astronaut/astronaut/src/look_to_aruco.cpp:9:114:[m[K [01;31m[Kerror: [m[Kno matching function for call to â€˜[01m[Kros::NodeHandle::advertise(const char [39], int)[m[Kâ€™
     ros::Publisher head_publisher = n.advertise<std_msgs::Float64>("/astronaut_head_pan_controller/command", 1000);
[01;32m[K                                                                                                                  ^[m[K
In file included from [01m[K/opt/ros/kinetic/include/ros/ros.h:45:0[m[K,
                 from [01m[K/home/adrii/talos_public_ws/src/talos_astronaut/astronaut/src/look_to_aruco.cpp:2[m[K:
[01m[K/opt/ros/kinetic/include/ros/node_handle.h:249:15:[m[K [01;36m[Knote: [m[Kcandidate: template<class M> ros::Publisher ros::NodeHandle::advertise(const string&, uint32_t, bool)
     Publisher advertise(const std::string& topic, uint32_t queue_size, bool latch = false)
[01;32m[K               ^[m[K
[01m[K/opt/ros/kinetic/include/ros/node_handle.h:249:15:[m[K [01;36m[Knote: [m[K  template argument deduction/substitution failed:
[01m[K/home/adrii/talos_public_ws/src/talos_astronaut/astronaut/src/look_to_aruco.cpp:9:114:[m[K [01;31m[Kerror: [m[Ktemplate argument 1 is invalid
     ros::Publisher head_publisher = n.advertise<std_msgs::Float64>("/astronaut_head_pan_controller/command", 1000);
[01;32m[K                                                                                                                  ^[m[K
In file included from [01m[K/opt/ros/kinetic/include/ros/ros.h:45:0[m[K,
                 from [01m[K/home/adrii/talos_public_ws/src/talos_astronaut/astronaut/src/look_to_aruco.cpp:2[m[K:
[01m[K/opt/ros/kinetic/include/ros/node_handle.h:315:13:[m[K [01;36m[Knote: [m[Kcandidate: template<class M> ros::Publisher ros::NodeHandle::advertise(const string&, uint32_t, const SubscriberStatusCallback&, const SubscriberStatusCallback&, const VoidConstPtr&, bool)
   Publisher advertise(const std::string& topic, uint32_t queue_size,
[01;32m[K             ^[m[K
[01m[K/opt/ros/kinetic/include/ros/node_handle.h:315:13:[m[K [01;36m[Knote: [m[K  template argument deduction/substitution failed:
[01m[K/home/adrii/talos_public_ws/src/talos_astronaut/astronaut/src/look_to_aruco.cpp:9:114:[m[K [01;31m[Kerror: [m[Ktemplate argument 1 is invalid
     ros::Publisher head_publisher = n.advertise<std_msgs::Float64>("/astronaut_head_pan_controller/command", 1000);
[01;32m[K                                                                                                                  ^[m[K
[01m[K/home/adrii/talos_public_ws/src/talos_astronaut/astronaut/src/look_to_aruco.cpp:11:5:[m[K [01;31m[Kerror: [m[Kâ€˜[01m[Khead_move[m[Kâ€™ was not declared in this scope
     head_move.data = -0.5;
[01;32m[K     ^[m[K
CMakeFiles/look_to_aruco.dir/build.make:62: fallo en las instrucciones para el objetivo 'CMakeFiles/look_to_aruco.dir/src/look_to_aruco.cpp.o'
make[2]: *** [CMakeFiles/look_to_aruco.dir/src/look_to_aruco.cpp.o] Error 1
CMakeFiles/Makefile2:67: fallo en las instrucciones para el objetivo 'CMakeFiles/look_to_aruco.dir/all'
make[1]: *** [CMakeFiles/look_to_aruco.dir/all] Error 2
Makefile:138: fallo en las instrucciones para el objetivo 'all'
make: *** [all] Error 2
