[01m[K/home/adrii/talos_public_ws/src/talos_astronaut/astronaut/src/look_to_aruco.cpp:[m[K In function â€˜[01m[Kint main(int, char**)[m[Kâ€™:
[01m[K/home/adrii/talos_public_ws/src/talos_astronaut/astronaut/src/look_to_aruco.cpp:23:35:[m[K [01;31m[Kerror: [m[Kâ€˜[01m[Knh[m[Kâ€™ was not declared in this scope
     ros::Subscriber goal_subscr = nh.subscribe("/goal_tolerance", 1000, goalReachedCallback);
[01;32m[K                                   ^[m[K
make[2]: *** [CMakeFiles/look_to_aruco.dir/src/look_to_aruco.cpp.o] Error 1
make[1]: *** [CMakeFiles/look_to_aruco.dir/all] Error 2
make: *** [all] Error 2
