In file included from [01m[K/home/adrii/talos_public_ws/src/talos_astronaut/astronaut_controllers/src/cartesian_controller.cpp:3:0[m[K:
[01m[K/home/adrii/talos_public_ws/src/talos_astronaut/astronaut_controllers/include/astronaut_controllers/cartesian_controller.h:37:18:[m[K [01;31m[Kerror: [m[Kâ€˜[01m[KTree[m[Kâ€™ in namespace â€˜[01m[KKDL[m[Kâ€™ does not name a type
             KDL::Tree robot_tree;
[01;32m[K                  ^[m[K
In file included from [01m[K/home/adrii/talos_public_ws/src/talos_astronaut/astronaut_controllers/include/astronaut_controllers/cartesian_controller.h:52:0[m[K,
                 from [01m[K/home/adrii/talos_public_ws/src/talos_astronaut/astronaut_controllers/src/cartesian_controller.cpp:3[m[K:
[01m[K/home/adrii/talos_public_ws/src/talos_astronaut/astronaut_controllers/include/astronaut_controllers/cartesian_controller.hpp:17:6:[m[K [01;31m[Kerror: [m[Kprototype for â€˜[01m[Kbool controller_ns::cartesian_controller_calss::init(hardware_interface::EffortJointInterface*, ros::NodeHandle&)[m[Kâ€™ does not match any in class â€˜[01m[Kcontroller_ns::cartesian_controller_calss[m[Kâ€™
 bool cartesian_controller_calss::init(hardware_interface::EffortJointInterface* hw, ros::NodeHandle& nh){
[01;32m[K      ^[m[K
In file included from [01m[K/home/adrii/talos_public_ws/src/talos_astronaut/astronaut_controllers/src/cartesian_controller.cpp:3:0[m[K:
[01m[K/home/adrii/talos_public_ws/src/talos_astronaut/astronaut_controllers/include/astronaut_controllers/cartesian_controller.h:25:18:[m[K [01;31m[Kerror: [m[Kcandidate is: bool controller_ns::cartesian_controller_calss::init(hardware_interface::EffortJointInterface*, ros::NodeHandle)
             bool init(hardware_interface::EffortJointInterface* , ros::NodeHandle);
[01;32m[K                  ^[m[K
In file included from [01m[K/home/adrii/talos_public_ws/src/talos_astronaut/astronaut_controllers/include/astronaut_controllers/cartesian_controller.h:52:0[m[K,
                 from [01m[K/home/adrii/talos_public_ws/src/talos_astronaut/astronaut_controllers/src/cartesian_controller.cpp:3[m[K:
[01m[K/home/adrii/talos_public_ws/src/talos_astronaut/astronaut_controllers/include/astronaut_controllers/cartesian_controller.hpp:102:6:[m[K [01;31m[Kerror: [m[Kprototype for â€˜[01m[Kvoid controller_ns::cartesian_controller_calss::update(const ros::Time&, const ros::Duration&)[m[Kâ€™ does not match any in class â€˜[01m[Kcontroller_ns::cartesian_controller_calss[m[Kâ€™
 void cartesian_controller_calss::update(const ros::Time &time, const ros::Duration &period){
[01;32m[K      ^[m[K
In file included from [01m[K/home/adrii/talos_public_ws/src/talos_astronaut/astronaut_controllers/src/cartesian_controller.cpp:3:0[m[K:
[01m[K/home/adrii/talos_public_ws/src/talos_astronaut/astronaut_controllers/include/astronaut_controllers/cartesian_controller.h:26:18:[m[K [01;31m[Kerror: [m[Kcandidate is: void controller_ns::cartesian_controller_calss::update(ros::Time, ros::Duration)
             void update(const ros::Time, const ros::Duration);
[01;32m[K                  ^[m[K
In file included from [01m[K/home/adrii/talos_public_ws/src/talos_astronaut/astronaut_controllers/include/astronaut_controllers/cartesian_controller.h:52:0[m[K,
                 from [01m[K/home/adrii/talos_public_ws/src/talos_astronaut/astronaut_controllers/src/cartesian_controller.cpp:3[m[K:
[01m[K/home/adrii/talos_public_ws/src/talos_astronaut/astronaut_controllers/include/astronaut_controllers/cartesian_controller.hpp:136:6:[m[K [01;31m[Kerror: [m[Kâ€˜[01m[Kcartesian_controller_class[m[Kâ€™ has not been declared
 void cartesian_controller_class::writeJointCommand(KDL::JntArray joint_command){
[01;32m[K      ^[m[K
[01m[K/home/adrii/talos_public_ws/src/talos_astronaut/astronaut_controllers/include/astronaut_controllers/cartesian_controller.hpp:[m[K In function â€˜[01m[Kvoid controller_ns::writeJointCommand(KDL::JntArray)[m[Kâ€™:
[01m[K/home/adrii/talos_public_ws/src/talos_astronaut/astronaut_controllers/include/astronaut_controllers/cartesian_controller.hpp:138:27:[m[K [01;31m[Kerror: [m[Kâ€˜[01m[Kjoint_handles[m[Kâ€™ was not declared in this scope
     for(size_t i = 0; i < joint_handles.size(); i++){
[01;32m[K                           ^[m[K
[01m[K/home/adrii/talos_public_ws/src/talos_astronaut/astronaut_controllers/include/astronaut_controllers/cartesian_controller.hpp:139:9:[m[K [01;31m[Kerror: [m[Kâ€˜[01m[Kjoint[m[Kâ€™ was not declared in this scope
         joint.handles[i].setCommand(joint_command[i]);
[01;32m[K         ^[m[K
[01m[K/home/adrii/talos_public_ws/src/talos_astronaut/astronaut_controllers/include/astronaut_controllers/cartesian_controller.hpp:139:50:[m[K [01;31m[Kerror: [m[Kno match for â€˜[01m[Koperator[][m[Kâ€™ (operand types are â€˜[01m[KKDL::JntArray[m[Kâ€™ and â€˜[01m[Kstd::size_t {aka long unsigned int}[m[Kâ€™)
         joint.handles[i].setCommand(joint_command[i]);
[01;32m[K                                                  ^[m[K
[01m[K/home/adrii/talos_public_ws/src/talos_astronaut/astronaut_controllers/include/astronaut_controllers/cartesian_controller.hpp:[m[K At global scope:
[01m[K/home/adrii/talos_public_ws/src/talos_astronaut/astronaut_controllers/include/astronaut_controllers/cartesian_controller.hpp:144:6:[m[K [01;31m[Kerror: [m[Kprototype for â€˜[01m[Kvoid controller_ns::cartesian_controller_calss::starting(const ros::Time&)[m[Kâ€™ does not match any in class â€˜[01m[Kcontroller_ns::cartesian_controller_calss[m[Kâ€™
 void cartesian_controller_calss::starting(const ros::Time &time) {}
[01;32m[K      ^[m[K
In file included from [01m[K/home/adrii/talos_public_ws/src/talos_astronaut/astronaut_controllers/src/cartesian_controller.cpp:3:0[m[K:
[01m[K/home/adrii/talos_public_ws/src/talos_astronaut/astronaut_controllers/include/astronaut_controllers/cartesian_controller.h:27:18:[m[K [01;31m[Kerror: [m[Kcandidate is: void controller_ns::cartesian_controller_calss::starting(ros::Time)
             void starting(const ros::Time);
[01;32m[K                  ^[m[K
In file included from [01m[K/home/adrii/talos_public_ws/src/talos_astronaut/astronaut_controllers/include/astronaut_controllers/cartesian_controller.h:52:0[m[K,
                 from [01m[K/home/adrii/talos_public_ws/src/talos_astronaut/astronaut_controllers/src/cartesian_controller.cpp:3[m[K:
[01m[K/home/adrii/talos_public_ws/src/talos_astronaut/astronaut_controllers/include/astronaut_controllers/cartesian_controller.hpp:145:6:[m[K [01;31m[Kerror: [m[Kprototype for â€˜[01m[Kvoid controller_ns::cartesian_controller_calss::stopping(const ros::Time&)[m[Kâ€™ does not match any in class â€˜[01m[Kcontroller_ns::cartesian_controller_calss[m[Kâ€™
 void cartesian_controller_calss::stopping(const ros::Time &time) {}
[01;32m[K      ^[m[K
In file included from [01m[K/home/adrii/talos_public_ws/src/talos_astronaut/astronaut_controllers/src/cartesian_controller.cpp:3:0[m[K:
[01m[K/home/adrii/talos_public_ws/src/talos_astronaut/astronaut_controllers/include/astronaut_controllers/cartesian_controller.h:28:18:[m[K [01;31m[Kerror: [m[Kcandidate is: void controller_ns::cartesian_controller_calss::stopping(ros::Time)
             void stopping(const ros::Time);
[01;32m[K                  ^[m[K
[01m[K/home/adrii/talos_public_ws/src/talos_astronaut/astronaut_controllers/src/cartesian_controller.cpp:7:24:[m[K [01;31m[Kerror: [m[Kâ€˜[01m[Kposition_controller[m[Kâ€™ in namespace â€˜[01m[Kcontroller_ns[m[Kâ€™ does not name a type
 typedef controller_ns::position_controller PositionController;
[01;32m[K                        ^[m[K
In file included from [01m[K/opt/ros/kinetic/include/class_loader/./class_loader.hpp:45:0[m[K,
                 from [01m[K/opt/ros/kinetic/include/class_loader/class_loader.h:35[m[K,
                 from [01m[K/opt/ros/kinetic/include/pluginlib/./class_list_macros.hpp:40[m[K,
                 from [01m[K/opt/ros/kinetic/include/pluginlib/class_list_macros.h:35[m[K,
                 from [01m[K/home/adrii/talos_public_ws/src/talos_astronaut/astronaut_controllers/src/cartesian_controller.cpp:2[m[K:
[01m[K/home/adrii/talos_public_ws/src/talos_astronaut/astronaut_controllers/src/cartesian_controller.cpp:11:45:[m[K [01;31m[Kerror: [m[Kâ€˜[01m[KPositionController[m[Kâ€™ in namespace â€˜[01m[Kposition_controller[m[Kâ€™ does not name a type
 PLUGINLIB_EXPORT_CLASS(position_controller::PositionController, controller_interface::ControllerBase);
[01;32m[K                                             ^[m[K
[01m[K/opt/ros/kinetic/include/class_loader/register_macro.hpp:45:14:[m[K [01;36m[Knote: [m[Kin definition of macro â€˜[01m[KCLASS_LOADER_REGISTER_CLASS_INTERNAL_WITH_MESSAGE[m[Kâ€™
     typedef  Derived _derived; \
[01;32m[K              ^[m[K
[01m[K/opt/ros/kinetic/include/class_loader/register_macro.hpp:65:3:[m[K [01;36m[Knote: [m[Kin expansion of macro â€˜[01m[KCLASS_LOADER_REGISTER_CLASS_INTERNAL_HOP1_WITH_MESSAGE[m[Kâ€™
   CLASS_LOADER_REGISTER_CLASS_INTERNAL_HOP1_WITH_MESSAGE(Derived, Base, __COUNTER__, Message)
[01;32m[K   ^[m[K
[01m[K/opt/ros/kinetic/include/class_loader/register_macro.hpp:72:3:[m[K [01;36m[Knote: [m[Kin expansion of macro â€˜[01m[KCLASS_LOADER_REGISTER_CLASS_WITH_MESSAGE[m[Kâ€™
   CLASS_LOADER_REGISTER_CLASS_WITH_MESSAGE(Derived, Base, "")
[01;32m[K   ^[m[K
[01m[K/opt/ros/kinetic/include/pluginlib/./class_list_macros.hpp:70:3:[m[K [01;36m[Knote: [m[Kin expansion of macro â€˜[01m[KCLASS_LOADER_REGISTER_CLASS[m[Kâ€™
   CLASS_LOADER_REGISTER_CLASS(class_type, base_class_type);
[01;32m[K   ^[m[K
[01m[K/home/adrii/talos_public_ws/src/talos_astronaut/astronaut_controllers/src/cartesian_controller.cpp:11:1:[m[K [01;36m[Knote: [m[Kin expansion of macro â€˜[01m[KPLUGINLIB_EXPORT_CLASS[m[Kâ€™
 PLUGINLIB_EXPORT_CLASS(position_controller::PositionController, controller_interface::ControllerBase);
[01;32m[K ^[m[K
[01m[K/home/adrii/talos_public_ws/src/talos_astronaut/astronaut_controllers/src/cartesian_controller.cpp:[m[K In constructor â€˜[01m[K{anonymous}::ProxyExec0::ProxyExec0()[m[Kâ€™:
[01m[K/opt/ros/kinetic/include/class_loader/register_macro.hpp:51:58:[m[K [01;31m[Kerror: [m[Kâ€˜[01m[K_derived[m[Kâ€™ was not declared in this scope
       class_loader::class_loader_private::registerPlugin<_derived, _base>(#Derived, #Base); \
[01;32m[K                                                          ^[m[K
[01m[K/opt/ros/kinetic/include/class_loader/register_macro.hpp:58:3:[m[K [01;36m[Knote: [m[Kin expansion of macro â€˜[01m[KCLASS_LOADER_REGISTER_CLASS_INTERNAL_WITH_MESSAGE[m[Kâ€™
   CLASS_LOADER_REGISTER_CLASS_INTERNAL_WITH_MESSAGE(Derived, Base, UniqueID, Message)
[01;32m[K   ^[m[K
[01m[K/opt/ros/kinetic/include/class_loader/register_macro.hpp:65:3:[m[K [01;36m[Knote: [m[Kin expansion of macro â€˜[01m[KCLASS_LOADER_REGISTER_CLASS_INTERNAL_HOP1_WITH_MESSAGE[m[Kâ€™
   CLASS_LOADER_REGISTER_CLASS_INTERNAL_HOP1_WITH_MESSAGE(Derived, Base, __COUNTER__, Message)
[01;32m[K   ^[m[K
[01m[K/opt/ros/kinetic/include/class_loader/register_macro.hpp:72:3:[m[K [01;36m[Knote: [m[Kin expansion of macro â€˜[01m[KCLASS_LOADER_REGISTER_CLASS_WITH_MESSAGE[m[Kâ€™
   CLASS_LOADER_REGISTER_CLASS_WITH_MESSAGE(Derived, Base, "")
[01;32m[K   ^[m[K
[01m[K/opt/ros/kinetic/include/pluginlib/./class_list_macros.hpp:70:3:[m[K [01;36m[Knote: [m[Kin expansion of macro â€˜[01m[KCLASS_LOADER_REGISTER_CLASS[m[Kâ€™
   CLASS_LOADER_REGISTER_CLASS(class_type, base_class_type);
[01;32m[K   ^[m[K
[01m[K/home/adrii/talos_public_ws/src/talos_astronaut/astronaut_controllers/src/cartesian_controller.cpp:11:1:[m[K [01;36m[Knote: [m[Kin expansion of macro â€˜[01m[KPLUGINLIB_EXPORT_CLASS[m[Kâ€™
 PLUGINLIB_EXPORT_CLASS(position_controller::PositionController, controller_interface::ControllerBase);
[01;32m[K ^[m[K
[01m[K/opt/ros/kinetic/include/class_loader/register_macro.hpp:51:90:[m[K [01;31m[Kerror: [m[Kno matching function for call to â€˜[01m[KregisterPlugin(const char [40], const char [37])[m[Kâ€™
       class_loader::class_loader_private::registerPlugin<_derived, _base>(#Derived, #Base); \
[01;32m[K                                                                                          ^[m[K
[01m[K/opt/ros/kinetic/include/class_loader/register_macro.hpp:58:3:[m[K [01;36m[Knote: [m[Kin expansion of macro â€˜[01m[KCLASS_LOADER_REGISTER_CLASS_INTERNAL_WITH_MESSAGE[m[Kâ€™
   CLASS_LOADER_REGISTER_CLASS_INTERNAL_WITH_MESSAGE(Derived, Base, UniqueID, Message)
[01;32m[K   ^[m[K
[01m[K/opt/ros/kinetic/include/class_loader/register_macro.hpp:65:3:[m[K [01;36m[Knote: [m[Kin expansion of macro â€˜[01m[KCLASS_LOADER_REGISTER_CLASS_INTERNAL_HOP1_WITH_MESSAGE[m[Kâ€™
   CLASS_LOADER_REGISTER_CLASS_INTERNAL_HOP1_WITH_MESSAGE(Derived, Base, __COUNTER__, Message)
[01;32m[K   ^[m[K
[01m[K/opt/ros/kinetic/include/class_loader/register_macro.hpp:72:3:[m[K [01;36m[Knote: [m[Kin expansion of macro â€˜[01m[KCLASS_LOADER_REGISTER_CLASS_WITH_MESSAGE[m[Kâ€™
   CLASS_LOADER_REGISTER_CLASS_WITH_MESSAGE(Derived, Base, "")
[01;32m[K   ^[m[K
[01m[K/opt/ros/kinetic/include/pluginlib/./class_list_macros.hpp:70:3:[m[K [01;36m[Knote: [m[Kin expansion of macro â€˜[01m[KCLASS_LOADER_REGISTER_CLASS[m[Kâ€™
   CLASS_LOADER_REGISTER_CLASS(class_type, base_class_type);
[01;32m[K   ^[m[K
[01m[K/home/adrii/talos_public_ws/src/talos_astronaut/astronaut_controllers/src/cartesian_controller.cpp:11:1:[m[K [01;36m[Knote: [m[Kin expansion of macro â€˜[01m[KPLUGINLIB_EXPORT_CLASS[m[Kâ€™
 PLUGINLIB_EXPORT_CLASS(position_controller::PositionController, controller_interface::ControllerBase);
[01;32m[K ^[m[K
In file included from [01m[K/opt/ros/kinetic/include/class_loader/./class_loader.hpp:43:0[m[K,
                 from [01m[K/opt/ros/kinetic/include/class_loader/class_loader.h:35[m[K,
                 from [01m[K/opt/ros/kinetic/include/pluginlib/./class_list_macros.hpp:40[m[K,
                 from [01m[K/opt/ros/kinetic/include/pluginlib/class_list_macros.h:35[m[K,
                 from [01m[K/home/adrii/talos_public_ws/src/talos_astronaut/astronaut_controllers/src/cartesian_controller.cpp:2[m[K:
[01m[K/opt/ros/kinetic/include/class_loader/class_loader_core.hpp:162:6:[m[K [01;36m[Knote: [m[Kcandidate: template<class Derived, class Base> void class_loader::class_loader_private::registerPlugin(const string&, const string&)
 void registerPlugin(const std::string & class_name, const std::string & base_class_name)
[01;32m[K      ^[m[K
[01m[K/opt/ros/kinetic/include/class_loader/class_loader_core.hpp:162:6:[m[K [01;36m[Knote: [m[K  template argument deduction/substitution failed:
In file included from [01m[K/opt/ros/kinetic/include/class_loader/./class_loader.hpp:45:0[m[K,
                 from [01m[K/opt/ros/kinetic/include/class_loader/class_loader.h:35[m[K,
                 from [01m[K/opt/ros/kinetic/include/pluginlib/./class_list_macros.hpp:40[m[K,
                 from [01m[K/opt/ros/kinetic/include/pluginlib/class_list_macros.h:35[m[K,
                 from [01m[K/home/adrii/talos_public_ws/src/talos_astronaut/astronaut_controllers/src/cartesian_controller.cpp:2[m[K:
[01m[K/opt/ros/kinetic/include/class_loader/register_macro.hpp:51:90:[m[K [01;31m[Kerror: [m[Ktemplate argument 1 is invalid
       class_loader::class_loader_private::registerPlugin<_derived, _base>(#Derived, #Base); \
[01;32m[K                                                                                          ^[m[K
[01m[K/opt/ros/kinetic/include/class_loader/register_macro.hpp:58:3:[m[K [01;36m[Knote: [m[Kin expansion of macro â€˜[01m[KCLASS_LOADER_REGISTER_CLASS_INTERNAL_WITH_MESSAGE[m[Kâ€™
   CLASS_LOADER_REGISTER_CLASS_INTERNAL_WITH_MESSAGE(Derived, Base, UniqueID, Message)
[01;32m[K   ^[m[K
[01m[K/opt/ros/kinetic/include/class_loader/register_macro.hpp:65:3:[m[K [01;36m[Knote: [m[Kin expansion of macro â€˜[01m[KCLASS_LOADER_REGISTER_CLASS_INTERNAL_HOP1_WITH_MESSAGE[m[Kâ€™
   CLASS_LOADER_REGISTER_CLASS_INTERNAL_HOP1_WITH_MESSAGE(Derived, Base, __COUNTER__, Message)
[01;32m[K   ^[m[K
[01m[K/opt/ros/kinetic/include/class_loader/register_macro.hpp:72:3:[m[K [01;36m[Knote: [m[Kin expansion of macro â€˜[01m[KCLASS_LOADER_REGISTER_CLASS_WITH_MESSAGE[m[Kâ€™
   CLASS_LOADER_REGISTER_CLASS_WITH_MESSAGE(Derived, Base, "")
[01;32m[K   ^[m[K
[01m[K/opt/ros/kinetic/include/pluginlib/./class_list_macros.hpp:70:3:[m[K [01;36m[Knote: [m[Kin expansion of macro â€˜[01m[KCLASS_LOADER_REGISTER_CLASS[m[Kâ€™
   CLASS_LOADER_REGISTER_CLASS(class_type, base_class_type);
[01;32m[K   ^[m[K
[01m[K/home/adrii/talos_public_ws/src/talos_astronaut/astronaut_controllers/src/cartesian_controller.cpp:11:1:[m[K [01;36m[Knote: [m[Kin expansion of macro â€˜[01m[KPLUGINLIB_EXPORT_CLASS[m[Kâ€™
 PLUGINLIB_EXPORT_CLASS(position_controller::PositionController, controller_interface::ControllerBase);
[01;32m[K ^[m[K
make[2]: *** [CMakeFiles/astronaut_controllers_lib.dir/src/cartesian_controller.cpp.o] Error 1
make[1]: *** [CMakeFiles/astronaut_controllers_lib.dir/all] Error 2
make: *** [all] Error 2
