In file included from [01m[K/home/adrii/talos_public_ws/src/talos_astronaut/astronaut_controllers/src/pinocchio_jacobiana.cc:1:0[m[K:
[01m[K/home/adrii/talos_public_ws/src/talos_astronaut/astronaut_controllers/include/astronaut_controllers/prueba_jacobiana.h:[m[K In function â€˜[01m[Kvoid controller_ns::print()[m[Kâ€™:
[01m[K/home/adrii/talos_public_ws/src/talos_astronaut/astronaut_controllers/include/astronaut_controllers/prueba_jacobiana.h:27:27:[m[K [01;31m[Kerror: [m[Kâ€˜[01m[Kcalculate_Jacobians[m[Kâ€™ was not declared in this scope
       calculate_Jacobians();
[01;32m[K                           ^[m[K
make[2]: *** [CMakeFiles/pinocchio_jacobiana.dir/src/pinocchio_jacobiana.cc.o] Error 1
make[1]: *** [CMakeFiles/pinocchio_jacobiana.dir/all] Error 2
make: *** [all] Error 2
