[35m[1mScanning dependencies of target astronaut_controllers_lib[0m
[ 50%] Built target publisher
[ 75%] [32mBuilding CXX object CMakeFiles/astronaut_controllers_lib.dir/src/cartesian_controller.cpp.o[0m
In file included from [01m[K/home/adrii/talos_public_ws/src/talos_astronaut/astronaut_controllers/include/astronaut_controllers/cartesian_controller.h:56:0[m[K,
                 from [01m[K/home/adrii/talos_public_ws/src/talos_astronaut/astronaut_controllers/src/cartesian_controller.cpp:3[m[K:
[01m[K/home/adrii/talos_public_ws/src/talos_astronaut/astronaut_controllers/include/astronaut_controllers/cartesian_controller.hpp:120:5:[m[K [01;31m[Kerror: [m[Kexpected unqualified-id before â€˜[01m[Kreturn[m[Kâ€™
     return true;
[01;32m[K     ^[m[K
[01m[K/home/adrii/talos_public_ws/src/talos_astronaut/astronaut_controllers/include/astronaut_controllers/cartesian_controller.hpp:124:6:[m[K [01;31m[Kerror: [m[Kâ€˜[01m[Kcartesian_controller_class[m[Kâ€™ has not been declared
 void cartesian_controller_class::update(const ros::Time &time, const ros::Duration &period){
[01;32m[K      ^[m[K
[01m[K/home/adrii/talos_public_ws/src/talos_astronaut/astronaut_controllers/include/astronaut_controllers/cartesian_controller.hpp:[m[K In function â€˜[01m[Kvoid update(const ros::Time&, const ros::Duration&)[m[Kâ€™:
[01m[K/home/adrii/talos_public_ws/src/talos_astronaut/astronaut_controllers/include/astronaut_controllers/cartesian_controller.hpp:127:33:[m[K [01;31m[Kerror: [m[Kâ€˜[01m[K_joint_handles[m[Kâ€™ was not declared in this scope
     for(unsigned int i = 0; i < _joint_handles.size(); i++){
[01;32m[K                                 ^[m[K
[01m[K/home/adrii/talos_public_ws/src/talos_astronaut/astronaut_controllers/include/astronaut_controllers/cartesian_controller.hpp:128:19:[m[K [01;31m[Kerror: [m[Kâ€˜[01m[K_jnt_pos[m[Kâ€™ was not declared in this scope
         _jnt_pos(i) = _joint_handles[i].getPosition();
[01;32m[K                   ^[m[K
[01m[K/home/adrii/talos_public_ws/src/talos_astronaut/astronaut_controllers/include/astronaut_controllers/cartesian_controller.hpp:132:5:[m[K [01;31m[Kerror: [m[Kâ€˜[01m[Kik_status[m[Kâ€™ was not declared in this scope
     ik_status = _jnt_to_pose_solver->JntToCart(_jnt_pos,current_pose);
[01;32m[K     ^[m[K
[01m[K/home/adrii/talos_public_ws/src/talos_astronaut/astronaut_controllers/include/astronaut_controllers/cartesian_controller.hpp:132:17:[m[K [01;31m[Kerror: [m[Kâ€˜[01m[K_jnt_to_pose_solver[m[Kâ€™ was not declared in this scope
     ik_status = _jnt_to_pose_solver->JntToCart(_jnt_pos,current_pose);
[01;32m[K                 ^[m[K
[01m[K/home/adrii/talos_public_ws/src/talos_astronaut/astronaut_controllers/include/astronaut_controllers/cartesian_controller.hpp:132:48:[m[K [01;31m[Kerror: [m[Kâ€˜[01m[K_jnt_pos[m[Kâ€™ was not declared in this scope
     ik_status = _jnt_to_pose_solver->JntToCart(_jnt_pos,current_pose);
[01;32m[K                                                ^[m[K
[01m[K/home/adrii/talos_public_ws/src/talos_astronaut/astronaut_controllers/include/astronaut_controllers/cartesian_controller.hpp:144:37:[m[K [01;31m[Kerror: [m[Kâ€˜[01m[K_reference_pose[m[Kâ€™ was not declared in this scope
     error = KDL::diff(current_pose, _reference_pose);
[01;32m[K                                     ^[m[K
[01m[K/home/adrii/talos_public_ws/src/talos_astronaut/astronaut_controllers/include/astronaut_controllers/cartesian_controller.hpp:146:5:[m[K [01;31m[Kerror: [m[Kâ€˜[01m[K_jnt_to_jac_solver[m[Kâ€™ was not declared in this scope
     _jnt_to_jac_solver->JntToJac(_jnt_pos, _jacobian);
[01;32m[K     ^[m[K
[01m[K/home/adrii/talos_public_ws/src/talos_astronaut/astronaut_controllers/include/astronaut_controllers/cartesian_controller.hpp:146:44:[m[K [01;31m[Kerror: [m[Kâ€˜[01m[K_jacobian[m[Kâ€™ was not declared in this scope
     _jnt_to_jac_solver->JntToJac(_jnt_pos, _jacobian);
[01;32m[K                                            ^[m[K
[01m[K/home/adrii/talos_public_ws/src/talos_astronaut/astronaut_controllers/include/astronaut_controllers/cartesian_controller.hpp:151:22:[m[K [01;31m[Kerror: [m[Kâ€˜[01m[K_jnt_effort[m[Kâ€™ was not declared in this scope
         _jnt_effort(i) = 0;
[01;32m[K                      ^[m[K
[01m[K/home/adrii/talos_public_ws/src/talos_astronaut/astronaut_controllers/include/astronaut_controllers/cartesian_controller.hpp:157:23:[m[K [01;31m[Kerror: [m[Kâ€˜[01m[K_jnt_effort[m[Kâ€™ was not declared in this scope
     writeJointCommand(_jnt_effort);
[01;32m[K                       ^[m[K
[01m[K/home/adrii/talos_public_ws/src/talos_astronaut/astronaut_controllers/include/astronaut_controllers/cartesian_controller.hpp:157:34:[m[K [01;31m[Kerror: [m[Kâ€˜[01m[KwriteJointCommand[m[Kâ€™ was not declared in this scope
     writeJointCommand(_jnt_effort);
[01;32m[K                                  ^[m[K
[01m[K/home/adrii/talos_public_ws/src/talos_astronaut/astronaut_controllers/include/astronaut_controllers/cartesian_controller.hpp:[m[K At global scope:
[01m[K/home/adrii/talos_public_ws/src/talos_astronaut/astronaut_controllers/include/astronaut_controllers/cartesian_controller.hpp:161:6:[m[K [01;31m[Kerror: [m[Kâ€˜[01m[Kcartesian_controller_class[m[Kâ€™ has not been declared
 void cartesian_controller_class::writeJointCommand(KDL::JntArray joint_command){
[01;32m[K      ^[m[K
[01m[K/home/adrii/talos_public_ws/src/talos_astronaut/astronaut_controllers/include/astronaut_controllers/cartesian_controller.hpp:[m[K In function â€˜[01m[Kvoid writeJointCommand(KDL::JntArray)[m[Kâ€™:
[01m[K/home/adrii/talos_public_ws/src/talos_astronaut/astronaut_controllers/include/astronaut_controllers/cartesian_controller.hpp:163:27:[m[K [01;31m[Kerror: [m[Kâ€˜[01m[K_joint_handles[m[Kâ€™ was not declared in this scope
     for(size_t i = 0; i < _joint_handles.size(); i++){
[01;32m[K                           ^[m[K
[01m[K/home/adrii/talos_public_ws/src/talos_astronaut/astronaut_controllers/include/astronaut_controllers/cartesian_controller.hpp:[m[K At global scope:
[01m[K/home/adrii/talos_public_ws/src/talos_astronaut/astronaut_controllers/include/astronaut_controllers/cartesian_controller.hpp:171:6:[m[K [01;31m[Kerror: [m[Kâ€˜[01m[Kcartesian_controller_class[m[Kâ€™ has not been declared
 void cartesian_controller_class::starting(const ros::Time &time) {}
[01;32m[K      ^[m[K
[01m[K/home/adrii/talos_public_ws/src/talos_astronaut/astronaut_controllers/include/astronaut_controllers/cartesian_controller.hpp:172:6:[m[K [01;31m[Kerror: [m[Kâ€˜[01m[Kcartesian_controller_class[m[Kâ€™ has not been declared
 void cartesian_controller_class::stopping(const ros::Time &time) {}
[01;32m[K      ^[m[K
[01m[K/home/adrii/talos_public_ws/src/talos_astronaut/astronaut_controllers/include/astronaut_controllers/cartesian_controller.hpp:174:1:[m[K [01;31m[Kerror: [m[Kexpected declaration before â€˜[01m[K}[m[Kâ€™ token
 }; // namespace
[01;32m[K ^[m[K
In file included from [01m[K/home/adrii/talos_public_ws/src/ros_control/hardware_interface/include/hardware_interface/robot_hw.h:35:0[m[K,
                 from [01m[K/home/adrii/talos_public_ws/src/ros_control/controller_interface/include/controller_interface/controller_base.h:37[m[K,
                 from [01m[K/home/adrii/talos_public_ws/src/ros_control/controller_interface/include/controller_interface/controller.h:35[m[K,
                 from [01m[K/home/adrii/talos_public_ws/src/talos_astronaut/astronaut_controllers/include/astronaut_controllers/cartesian_controller.h:8[m[K,
                 from [01m[K/home/adrii/talos_public_ws/src/talos_astronaut/astronaut_controllers/src/cartesian_controller.cpp:3[m[K:
/home/adrii/talos_public_ws/src/ros_control/hardware_interface/include/hardware_interface/internal/interface_manager.h: In instantiation of â€˜[01m[Kstatic char (& hardware_interface::CheckIsResourceManager<T>::callCM(std::vector<C*>&, C*, typename C::resource_manager_type*))[1] [with C = hardware_interface::EffortJointInterface; T = hardware_interface::EffortJointInterface; hardware_interface::CheckIsResourceManager<T>::yes = char [1]; typename C::resource_manager_type = hardware_interface::ResourceManager<hardware_interface::JointHandle>][m[Kâ€™:
[01m[K/home/adrii/talos_public_ws/src/ros_control/hardware_interface/include/hardware_interface/internal/interface_manager.h:83:14:[m[K   required from â€˜[01m[Kstatic const void hardware_interface::CheckIsResourceManager<T>::callConcatManagers(std::vector<T*>&, T*) [with T = hardware_interface::EffortJointInterface][m[Kâ€™
[01m[K/home/adrii/talos_public_ws/src/ros_control/hardware_interface/include/hardware_interface/internal/interface_manager.h:200:54:[m[K   required from â€˜[01m[KT* hardware_interface::InterfaceManager::get() [with T = hardware_interface::EffortJointInterface][m[Kâ€™
[01m[K/home/adrii/talos_public_ws/src/ros_control/controller_interface/include/controller_interface/controller.h:110:30:[m[K   required from â€˜[01m[Kbool controller_interface::Controller<T>::initRequest(hardware_interface::RobotHW*, ros::NodeHandle&, ros::NodeHandle&, controller_interface::ControllerBase::ClaimedResources&) [with T = hardware_interface::EffortJointInterface; controller_interface::ControllerBase::ClaimedResources = std::vector<hardware_interface::InterfaceResources>][m[Kâ€™
[01m[K/home/adrii/talos_public_ws/src/talos_astronaut/astronaut_controllers/include/astronaut_controllers/cartesian_controller.hpp:174:1:[m[K   required from here
[01m[K/home/adrii/talos_public_ws/src/ros_control/hardware_interface/include/hardware_interface/internal/interface_manager.h:73:9:[m[K [01;35m[Kwarning: [m[Kreference to local variable â€˜[01m[Ktmp_yes[m[Kâ€™ returned [-Wreturn-local-addr]
     yes tmp_yes;
[01;32m[K         ^[m[K
CMakeFiles/astronaut_controllers_lib.dir/build.make:62: fallo en las instrucciones para el objetivo 'CMakeFiles/astronaut_controllers_lib.dir/src/cartesian_controller.cpp.o'
make[2]: *** [CMakeFiles/astronaut_controllers_lib.dir/src/cartesian_controller.cpp.o] Error 1
CMakeFiles/Makefile2:104: fallo en las instrucciones para el objetivo 'CMakeFiles/astronaut_controllers_lib.dir/all'
make[1]: *** [CMakeFiles/astronaut_controllers_lib.dir/all] Error 2
Makefile:138: fallo en las instrucciones para el objetivo 'all'
make: *** [all] Error 2
