[  0%] Built target trajectory_msgs_generate_messages_cpp
[  0%] Built target std_msgs_generate_messages_cpp
[  0%] Built target trajectory_msgs_generate_messages_nodejs
[  0%] Built target geometry_msgs_generate_messages_nodejs
[  0%] Built target std_msgs_generate_messages_nodejs
[  0%] Built target geometry_msgs_generate_messages_cpp
[  6%] Built target matrix_transf
[ 20%] Built target trajectories
[ 20%] Built target pinocchio_jacobiana
[ 20%] Built target std_msgs_generate_messages_eus
[ 20%] Built target std_msgs_generate_messages_lisp
[ 20%] Built target trajectory_msgs_generate_messages_lisp
[ 20%] Built target geometry_msgs_generate_messages_eus
[ 20%] Built target geometry_msgs_generate_messages_lisp
[ 20%] Built target std_msgs_generate_messages_py
[ 20%] Built target trajectory_msgs_generate_messages_eus
[ 20%] Built target geometry_msgs_generate_messages_py
[ 20%] Built target trajectory_msgs_generate_messages_py
[ 20%] Built target _astronaut_controllers_generate_messages_check_deps_target_frame
[ 20%] Built target _astronaut_controllers_generate_messages_check_deps_hand_operations
[ 20%] Built target _astronaut_controllers_generate_messages_check_deps_plot_msg
[ 20%] Built target roscpp_generate_messages_lisp
[ 20%] Built target rosgraph_msgs_generate_messages_lisp
[ 20%] Built target roscpp_generate_messages_cpp
[ 20%] Built target roscpp_generate_messages_nodejs
[ 20%] Built target rosgraph_msgs_generate_messages_eus
[ 20%] Built target rosgraph_msgs_generate_messages_py
[ 20%] Built target roscpp_generate_messages_py
[ 20%] Built target rosgraph_msgs_generate_messages_nodejs
[ 20%] Built target rosgraph_msgs_generate_messages_cpp
[ 30%] Built target astronaut_controllers_generate_messages_nodejs
[ 30%] Built target roscpp_generate_messages_eus
[ 40%] Built target astronaut_controllers_generate_messages_cpp
[ 50%] Built target astronaut_controllers_generate_messages_lisp
[ 63%] Built target astronaut_controllers_generate_messages_eus
[ 80%] Built target astronaut_controllers_generate_messages_py
[ 80%] Built target astronaut_controllers_gencpp
[ 80%] Built target astronaut_controllers_generate_messages
[35m[1mScanning dependencies of target astronaut_controllers_lib[0m
[ 86%] Built target hand_service
[ 93%] Built target gripper_service
[ 96%] [32mBuilding CXX object CMakeFiles/astronaut_controllers_lib.dir/src/cartesian_controller.cpp.o[0m
In file included from [01m[K/opt/openrobots/include/pinocchio/fwd.hpp:25:0[m[K,
                 from [01m[K/opt/openrobots/include/pinocchio/spatial/fwd.hpp:9[m[K,
                 from [01m[K/opt/openrobots/include/pinocchio/multibody/model.hpp:9[m[K,
                 from [01m[K/home/adrii/talos_public_ws/src/talos_astronaut/astronaut_controllers/include/astronaut_controllers/torso_effort_controller.h:47[m[K,
                 from [01m[K/home/adrii/talos_public_ws/src/talos_astronaut/astronaut_controllers/src/cartesian_controller.cpp:7[m[K:
[01m[K/opt/openrobots/include/pinocchio/container/boost-container-limits.hpp:18:0:[m[K [01;35m[Kwarning: [m[K"BOOST_MPL_CFG_NO_PREPROCESSED_HEADERS" redefined
   #define BOOST_MPL_CFG_NO_PREPROCESSED_HEADERS
[01;32m[K ^[m[K
[01m[K<command-line>:0:0:[m[K [01;36m[Knote: [m[Kthis is the location of the previous definition
In file included from [01m[K/opt/ros/kinetic/include/ros/ros.h:40:0[m[K,
                 from [01m[K/home/adrii/talos_public_ws/src/talos_astronaut/astronaut_controllers/include/astronaut_controllers/aruco_cartesian_controller.h:4[m[K,
                 from [01m[K/home/adrii/talos_public_ws/src/talos_astronaut/astronaut_controllers/src/cartesian_controller.cpp:3[m[K:
[01m[K/home/adrii/talos_public_ws/src/talos_astronaut/astronaut_controllers/include/astronaut_controllers/torso_effort_controller.hpp:[m[K In member function â€˜[01m[Kvirtual bool controller_ns::torso_effort_controller_class::init(hardware_interface::EffortJointInterface*, ros::NodeHandle&)[m[Kâ€™:
[01m[K/home/adrii/talos_public_ws/src/talos_astronaut/astronaut_controllers/include/astronaut_controllers/torso_effort_controller.hpp:76:26:[m[K [01;31m[Kerror: [m[Kâ€˜[01m[Kerror[m[Kâ€™ was not declared in this scope
         ROS_ERROR_STREAM(error);
[01;32m[K                          ^[m[K
[01m[K/opt/ros/kinetic/include/ros/console.h:356:64:[m[K [01;36m[Knote: [m[Kin definition of macro â€˜[01m[KROSCONSOLE_PRINT_STREAM_AT_LOCATION_WITH_FILTER[m[Kâ€™
     __rosconsole_print_stream_at_location_with_filter__ss__ << args; \
[01;32m[K                                                                ^[m[K
[01m[K/opt/ros/kinetic/include/ros/console.h:398:7:[m[K [01;36m[Knote: [m[Kin expansion of macro â€˜[01m[KROSCONSOLE_PRINT_STREAM_AT_LOCATION[m[Kâ€™
       ROSCONSOLE_PRINT_STREAM_AT_LOCATION(args); \
[01;32m[K       ^[m[K
[01m[K/opt/ros/kinetic/include/ros/console.h:568:43:[m[K [01;36m[Knote: [m[Kin expansion of macro â€˜[01m[KROS_LOG_STREAM_COND[m[Kâ€™
 #define ROS_LOG_STREAM(level, name, args) ROS_LOG_STREAM_COND(true, level, name, args)
[01;32m[K                                           ^[m[K
[01m[K/opt/ros/kinetic/include/rosconsole/macros_generated.h:215:32:[m[K [01;36m[Knote: [m[Kin expansion of macro â€˜[01m[KROS_LOG_STREAM[m[Kâ€™
 #define ROS_ERROR_STREAM(args) ROS_LOG_STREAM(::ros::console::levels::Error, ROSCONSOLE_DEFAULT_NAME, args)
[01;32m[K                                ^[m[K
[01m[K/home/adrii/talos_public_ws/src/talos_astronaut/astronaut_controllers/include/astronaut_controllers/torso_effort_controller.hpp:76:9:[m[K [01;36m[Knote: [m[Kin expansion of macro â€˜[01m[KROS_ERROR_STREAM[m[Kâ€™
         ROS_ERROR_STREAM(error);
[01;32m[K         ^[m[K
[01m[K/home/adrii/talos_public_ws/src/talos_astronaut/astronaut_controllers/include/astronaut_controllers/torso_effort_controller.hpp:76:26:[m[K [01;36m[Knote: [m[Ksuggested alternative:
         ROS_ERROR_STREAM(error);
[01;32m[K                          ^[m[K
[01m[K/opt/ros/kinetic/include/ros/console.h:356:64:[m[K [01;36m[Knote: [m[Kin definition of macro â€˜[01m[KROSCONSOLE_PRINT_STREAM_AT_LOCATION_WITH_FILTER[m[Kâ€™
     __rosconsole_print_stream_at_location_with_filter__ss__ << args; \
[01;32m[K                                                                ^[m[K
[01m[K/opt/ros/kinetic/include/ros/console.h:398:7:[m[K [01;36m[Knote: [m[Kin expansion of macro â€˜[01m[KROSCONSOLE_PRINT_STREAM_AT_LOCATION[m[Kâ€™
       ROSCONSOLE_PRINT_STREAM_AT_LOCATION(args); \
[01;32m[K       ^[m[K
[01m[K/opt/ros/kinetic/include/ros/console.h:568:43:[m[K [01;36m[Knote: [m[Kin expansion of macro â€˜[01m[KROS_LOG_STREAM_COND[m[Kâ€™
 #define ROS_LOG_STREAM(level, name, args) ROS_LOG_STREAM_COND(true, level, name, args)
[01;32m[K                                           ^[m[K
[01m[K/opt/ros/kinetic/include/rosconsole/macros_generated.h:215:32:[m[K [01;36m[Knote: [m[Kin expansion of macro â€˜[01m[KROS_LOG_STREAM[m[Kâ€™
 #define ROS_ERROR_STREAM(args) ROS_LOG_STREAM(::ros::console::levels::Error, ROSCONSOLE_DEFAULT_NAME, args)
[01;32m[K                                ^[m[K
[01m[K/home/adrii/talos_public_ws/src/talos_astronaut/astronaut_controllers/include/astronaut_controllers/torso_effort_controller.hpp:76:9:[m[K [01;36m[Knote: [m[Kin expansion of macro â€˜[01m[KROS_ERROR_STREAM[m[Kâ€™
         ROS_ERROR_STREAM(error);
[01;32m[K         ^[m[K
In file included from [01m[K/usr/include/boost/archive/detail/oserializer.hpp:41:0[m[K,
                 from [01m[K/usr/include/boost/archive/detail/interface_oarchive.hpp:23[m[K,
                 from [01m[K/usr/include/boost/archive/detail/common_oarchive.hpp:22[m[K,
                 from [01m[K/usr/include/boost/archive/basic_text_oarchive.hpp:30[m[K,
                 from [01m[K/usr/include/boost/archive/text_oarchive.hpp:31[m[K,
                 from [01m[K/opt/openrobots/include/pinocchio/serialization/archive.hpp:14[m[K,
                 from [01m[K/opt/openrobots/include/pinocchio/serialization/serializable.hpp:8[m[K,
                 from [01m[K/opt/openrobots/include/pinocchio/multibody/model.hpp:21[m[K,
                 from [01m[K/home/adrii/talos_public_ws/src/talos_astronaut/astronaut_controllers/include/astronaut_controllers/torso_effort_controller.h:47[m[K,
                 from [01m[K/home/adrii/talos_public_ws/src/talos_astronaut/astronaut_controllers/src/cartesian_controller.cpp:7[m[K:
[01m[K/usr/include/boost/serialization/smart_cast.hpp:249:12:[m[K [01;36m[Knote: [m[K  â€˜[01m[Kboost::serialization::smart_cast_impl::error[m[Kâ€™
     struct error {
[01;32m[K            ^[m[K
In file included from [01m[K/home/adrii/talos_public_ws/src/talos_astronaut/astronaut_controllers/include/astronaut_controllers/torso_effort_controller.h:157:0[m[K,
                 from [01m[K/home/adrii/talos_public_ws/src/talos_astronaut/astronaut_controllers/src/cartesian_controller.cpp:7[m[K:
[01m[K/home/adrii/talos_public_ws/src/talos_astronaut/astronaut_controllers/include/astronaut_controllers/torso_effort_controller.hpp:77:34:[m[K [01;31m[Kerror: [m[Kâ€˜[01m[Kerror[m[Kâ€™ was not declared in this scope
         throw std::runtime_error(error);
[01;32m[K                                  ^[m[K
[01m[K/home/adrii/talos_public_ws/src/talos_astronaut/astronaut_controllers/include/astronaut_controllers/torso_effort_controller.hpp:77:34:[m[K [01;36m[Knote: [m[Ksuggested alternative:
In file included from [01m[K/usr/include/boost/archive/detail/oserializer.hpp:41:0[m[K,
                 from [01m[K/usr/include/boost/archive/detail/interface_oarchive.hpp:23[m[K,
                 from [01m[K/usr/include/boost/archive/detail/common_oarchive.hpp:22[m[K,
                 from [01m[K/usr/include/boost/archive/basic_text_oarchive.hpp:30[m[K,
                 from [01m[K/usr/include/boost/archive/text_oarchive.hpp:31[m[K,
                 from [01m[K/opt/openrobots/include/pinocchio/serialization/archive.hpp:14[m[K,
                 from [01m[K/opt/openrobots/include/pinocchio/serialization/serializable.hpp:8[m[K,
                 from [01m[K/opt/openrobots/include/pinocchio/multibody/model.hpp:21[m[K,
                 from [01m[K/home/adrii/talos_public_ws/src/talos_astronaut/astronaut_controllers/include/astronaut_controllers/torso_effort_controller.h:47[m[K,
                 from [01m[K/home/adrii/talos_public_ws/src/talos_astronaut/astronaut_controllers/src/cartesian_controller.cpp:7[m[K:
[01m[K/usr/include/boost/serialization/smart_cast.hpp:249:12:[m[K [01;36m[Knote: [m[K  â€˜[01m[Kboost::serialization::smart_cast_impl::error[m[Kâ€™
     struct error {
[01;32m[K            ^[m[K
In file included from [01m[K/home/adrii/talos_public_ws/src/talos_astronaut/astronaut_controllers/include/astronaut_controllers/torso_effort_controller.h:157:0[m[K,
                 from [01m[K/home/adrii/talos_public_ws/src/talos_astronaut/astronaut_controllers/src/cartesian_controller.cpp:7[m[K:
[01m[K/home/adrii/talos_public_ws/src/talos_astronaut/astronaut_controllers/include/astronaut_controllers/torso_effort_controller.hpp:[m[K At global scope:
[01m[K/home/adrii/talos_public_ws/src/talos_astronaut/astronaut_controllers/include/astronaut_controllers/torso_effort_controller.hpp:80:5:[m[K [01;31m[Kerror: [m[Kexpected unqualified-id before â€˜[01m[Kfor[m[Kâ€™
     for (size_t i = 0; i < joint_names_.size(); ++i)
[01;32m[K     ^[m[K
[01m[K/home/adrii/talos_public_ws/src/talos_astronaut/astronaut_controllers/include/astronaut_controllers/torso_effort_controller.hpp:80:24:[m[K [01;31m[Kerror: [m[Kâ€˜[01m[Ki[m[Kâ€™ does not name a type
     for (size_t i = 0; i < joint_names_.size(); ++i)
[01;32m[K                        ^[m[K
[01m[K/home/adrii/talos_public_ws/src/talos_astronaut/astronaut_controllers/include/astronaut_controllers/torso_effort_controller.hpp:80:49:[m[K [01;31m[Kerror: [m[Kexpected unqualified-id before â€˜[01m[K++[m[Kâ€™ token
     for (size_t i = 0; i < joint_names_.size(); ++i)
[01;32m[K                                                 ^[m[K
[01m[K/home/adrii/talos_public_ws/src/talos_astronaut/astronaut_controllers/include/astronaut_controllers/torso_effort_controller.hpp:89:5:[m[K [01;31m[Kerror: [m[Kexpected unqualified-id before â€˜[01m[Kfor[m[Kâ€™
     for(size_t i = 0; i < robot_chain_.getNrOfSegments(); i++){
[01;32m[K     ^[m[K
[01m[K/home/adrii/talos_public_ws/src/talos_astronaut/astronaut_controllers/include/astronaut_controllers/torso_effort_controller.hpp:89:23:[m[K [01;31m[Kerror: [m[Kâ€˜[01m[Ki[m[Kâ€™ does not name a type
     for(size_t i = 0; i < robot_chain_.getNrOfSegments(); i++){
[01;32m[K                       ^[m[K
[01m[K/home/adrii/talos_public_ws/src/talos_astronaut/astronaut_controllers/include/astronaut_controllers/torso_effort_controller.hpp:89:59:[m[K [01;31m[Kerror: [m[Kâ€˜[01m[Ki[m[Kâ€™ does not name a type
     for(size_t i = 0; i < robot_chain_.getNrOfSegments(); i++){
[01;32m[K                                                           ^[m[K
[01m[K/home/adrii/talos_public_ws/src/talos_astronaut/astronaut_controllers/include/astronaut_controllers/torso_effort_controller.hpp:94:5:[m[K [01;31m[Kerror: [m[Kâ€˜[01m[Kjnt_to_pose_solver_[m[Kâ€™ does not name a type
     jnt_to_pose_solver_.reset(new KDL::ChainFkSolverPos_recursive(kdl_chain));
[01;32m[K     ^[m[K
[01m[K/home/adrii/talos_public_ws/src/talos_astronaut/astronaut_controllers/include/astronaut_controllers/torso_effort_controller.hpp:95:5:[m[K [01;31m[Kerror: [m[Kâ€˜[01m[Kjnt_to_jac_solver_[m[Kâ€™ does not name a type
     jnt_to_jac_solver_.reset(new KDL::ChainJntToJacSolver(kdl_chain));
[01;32m[K     ^[m[K
[01m[K/home/adrii/talos_public_ws/src/talos_astronaut/astronaut_controllers/include/astronaut_controllers/torso_effort_controller.hpp:99:5:[m[K [01;31m[Kerror: [m[Kâ€˜[01m[Kjnt_pos_[m[Kâ€™ does not name a type
     jnt_pos_.resize(kdl_chain.getNrOfJoints());
[01;32m[K     ^[m[K
[01m[K/home/adrii/talos_public_ws/src/talos_astronaut/astronaut_controllers/include/astronaut_controllers/torso_effort_controller.hpp:100:5:[m[K [01;31m[Kerror: [m[Kâ€˜[01m[Kjnt_vel_[m[Kâ€™ does not name a type
     jnt_vel_.resize(kdl_chain.getNrOfJoints());
[01;32m[K     ^[m[K
[01m[K/home/adrii/talos_public_ws/src/talos_astronaut/astronaut_controllers/include/astronaut_controllers/torso_effort_controller.hpp:101:5:[m[K [01;31m[Kerror: [m[Kâ€˜[01m[Kjnt_effort_[m[Kâ€™ does not name a type
     jnt_effort_ = std::vector<float>(7,0);
[01;32m[K     ^[m[K
[01m[K/home/adrii/talos_public_ws/src/talos_astronaut/astronaut_controllers/include/astronaut_controllers/torso_effort_controller.hpp:102:5:[m[K [01;31m[Kerror: [m[Kâ€˜[01m[Kjacobian_[m[Kâ€™ does not name a type
     jacobian_.resize(kdl_chain.getNrOfJoints());
[01;32m[K     ^[m[K
[01m[K/home/adrii/talos_public_ws/src/talos_astronaut/astronaut_controllers/include/astronaut_controllers/torso_effort_controller.hpp:104:5:[m[K [01;31m[Kerror: [m[Kâ€˜[01m[Karuco_subscr_[m[Kâ€™ does not name a type
     aruco_subscr_ = nh.subscribe("/aruco_single/pose", 10000, &torso_effort_controller_class::transformationCallback, this);
[01;32m[K     ^[m[K
[01m[K/home/adrii/talos_public_ws/src/talos_astronaut/astronaut_controllers/include/astronaut_controllers/torso_effort_controller.hpp:105:5:[m[K [01;31m[Kerror: [m[Kâ€˜[01m[Ktolerance_publisher_[m[Kâ€™ does not name a type
     tolerance_publisher_ = nh.advertise<std_msgs::Bool>("/goal_tolerance", 1000);
[01;32m[K     ^[m[K
[01m[K/home/adrii/talos_public_ws/src/talos_astronaut/astronaut_controllers/include/astronaut_controllers/torso_effort_controller.hpp:106:5:[m[K [01;31m[Kerror: [m[Kâ€˜[01m[Kcontrol_error_pub_[m[Kâ€™ does not name a type
     control_error_pub_ = nh.advertise<astronaut_controllers::plot_msg>("/control_error", 1000);
[01;32m[K     ^[m[K
[01m[K/home/adrii/talos_public_ws/src/talos_astronaut/astronaut_controllers/include/astronaut_controllers/torso_effort_controller.hpp:107:5:[m[K [01;31m[Kerror: [m[Kâ€˜[01m[Kvelocity_error_pub_[m[Kâ€™ does not name a type
     velocity_error_pub_ = nh.advertise<astronaut_controllers::plot_msg>("/velocity_error", 1000);
[01;32m[K     ^[m[K
[01m[K/home/adrii/talos_public_ws/src/talos_astronaut/astronaut_controllers/include/astronaut_controllers/torso_effort_controller.hpp:108:5:[m[K [01;31m[Kerror: [m[Kâ€˜[01m[Kjoint_value_pub_[m[Kâ€™ does not name a type
     joint_value_pub_ = nh.advertise<astronaut_controllers::plot_msg>("/joint_value", 1000);
[01;32m[K     ^[m[K
[01m[K/home/adrii/talos_public_ws/src/talos_astronaut/astronaut_controllers/include/astronaut_controllers/torso_effort_controller.hpp:110:5:[m[K [01;31m[Kerror: [m[Kexpected unqualified-id before â€˜[01m[Kreturn[m[Kâ€™
     return true;
[01;32m[K     ^[m[K
[01m[K/home/adrii/talos_public_ws/src/talos_astronaut/astronaut_controllers/include/astronaut_controllers/torso_effort_controller.hpp:114:6:[m[K [01;31m[Kerror: [m[Kâ€˜[01m[Ktorso_effort_controller_class[m[Kâ€™ has not been declared
 void torso_effort_controller_class::update(const ros::Time &time, const ros::Duration &period){
[01;32m[K      ^[m[K
[01m[K/home/adrii/talos_public_ws/src/talos_astronaut/astronaut_controllers/include/astronaut_controllers/torso_effort_controller.hpp:[m[K In function â€˜[01m[Kvoid update(const ros::Time&, const ros::Duration&)[m[Kâ€™:
[01m[K/home/adrii/talos_public_ws/src/talos_astronaut/astronaut_controllers/include/astronaut_controllers/torso_effort_controller.hpp:117:5:[m[K [01;31m[Kerror: [m[Kâ€˜[01m[Kjnt_to_pose_solver_[m[Kâ€™ was not declared in this scope
     jnt_to_pose_solver_.reset(new KDL::ChainFkSolverPos_recursive(kdl_chain));
[01;32m[K     ^[m[K
[01m[K/home/adrii/talos_public_ws/src/talos_astronaut/astronaut_controllers/include/astronaut_controllers/torso_effort_controller.hpp:117:67:[m[K [01;31m[Kerror: [m[Kâ€˜[01m[Kkdl_chain[m[Kâ€™ was not declared in this scope
     jnt_to_pose_solver_.reset(new KDL::ChainFkSolverPos_recursive(kdl_chain));
[01;32m[K                                                                   ^[m[K
[01m[K/home/adrii/talos_public_ws/src/talos_astronaut/astronaut_controllers/include/astronaut_controllers/torso_effort_controller.hpp:118:5:[m[K [01;31m[Kerror: [m[Kâ€˜[01m[Kjnt_to_jac_solver_[m[Kâ€™ was not declared in this scope
     jnt_to_jac_solver_.reset(new KDL::ChainJntToJacSolver(kdl_chain));
[01;32m[K     ^[m[K
[01m[K/home/adrii/talos_public_ws/src/talos_astronaut/astronaut_controllers/include/astronaut_controllers/torso_effort_controller.hpp:121:33:[m[K [01;31m[Kerror: [m[Kâ€˜[01m[Kjoint_handles_[m[Kâ€™ was not declared in this scope
     for(unsigned int i = 0; i < joint_handles_.size(); i++){
[01;32m[K                                 ^[m[K
[01m[K/home/adrii/talos_public_ws/src/talos_astronaut/astronaut_controllers/include/astronaut_controllers/torso_effort_controller.hpp:122:19:[m[K [01;31m[Kerror: [m[Kâ€˜[01m[Kjnt_pos_[m[Kâ€™ was not declared in this scope
         jnt_pos_(i) = joint_handles_[i].getPosition();
[01;32m[K                   ^[m[K
[01m[K/home/adrii/talos_public_ws/src/talos_astronaut/astronaut_controllers/include/astronaut_controllers/torso_effort_controller.hpp:126:33:[m[K [01;31m[Kerror: [m[Kâ€˜[01m[Kjoint_handles_[m[Kâ€™ was not declared in this scope
     for(unsigned int i = 0; i < joint_handles_.size(); i++){
[01;32m[K                                 ^[m[K
[01m[K/home/adrii/talos_public_ws/src/talos_astronaut/astronaut_controllers/include/astronaut_controllers/torso_effort_controller.hpp:127:19:[m[K [01;31m[Kerror: [m[Kâ€˜[01m[Kjnt_vel_[m[Kâ€™ was not declared in this scope
         jnt_vel_(i) = joint_handles_[i].getVelocity();
[01;32m[K                   ^[m[K
[01m[K/home/adrii/talos_public_ws/src/talos_astronaut/astronaut_controllers/include/astronaut_controllers/torso_effort_controller.hpp:131:5:[m[K [01;31m[Kerror: [m[Kâ€˜[01m[Kfk_status[m[Kâ€™ was not declared in this scope
     fk_status = jnt_to_pose_solver_->JntToCart(jnt_pos_,current_pose);
[01;32m[K     ^[m[K
[01m[K/home/adrii/talos_public_ws/src/talos_astronaut/astronaut_controllers/include/astronaut_controllers/torso_effort_controller.hpp:131:48:[m[K [01;31m[Kerror: [m[Kâ€˜[01m[Kjnt_pos_[m[Kâ€™ was not declared in this scope
     fk_status = jnt_to_pose_solver_->JntToCart(jnt_pos_,current_pose);
[01;32m[K                                                ^[m[K
[01m[K/home/adrii/talos_public_ws/src/talos_astronaut/astronaut_controllers/include/astronaut_controllers/torso_effort_controller.hpp:138:8:[m[K [01;31m[Kerror: [m[Kâ€˜[01m[Kstart_trajectory_[m[Kâ€™ was not declared in this scope
     if(start_trajectory_){
[01;32m[K        ^[m[K
[01m[K/home/adrii/talos_public_ws/src/talos_astronaut/astronaut_controllers/include/astronaut_controllers/torso_effort_controller.hpp:140:9:[m[K [01;31m[Kerror: [m[Kâ€˜[01m[Kactual_time_[m[Kâ€™ was not declared in this scope
         actual_time_ = ros::Time::now() - begin_time_; // That's start in sec 0
[01;32m[K         ^[m[K
[01m[K/home/adrii/talos_public_ws/src/talos_astronaut/astronaut_controllers/include/astronaut_controllers/torso_effort_controller.hpp:140:43:[m[K [01;31m[Kerror: [m[Kâ€˜[01m[Kbegin_time_[m[Kâ€™ was not declared in this scope
         actual_time_ = ros::Time::now() - begin_time_; // That's start in sec 0
[01;32m[K                                           ^[m[K
[01m[K/home/adrii/talos_public_ws/src/talos_astronaut/astronaut_controllers/include/astronaut_controllers/torso_effort_controller.hpp:141:9:[m[K [01;31m[Kerror: [m[Kâ€˜[01m[Know_[m[Kâ€™ was not declared in this scope
         now_ = actual_time_.toSec();
[01;32m[K         ^[m[K
[01m[K/home/adrii/talos_public_ws/src/talos_astronaut/astronaut_controllers/include/astronaut_controllers/torso_effort_controller.hpp:142:9:[m[K [01;31m[Kerror: [m[Kâ€˜[01m[Ktarget_frame_[m[Kâ€™ was not declared in this scope
         target_frame_ = trajectory_->Pos(now_);
[01;32m[K         ^[m[K
[01m[K/home/adrii/talos_public_ws/src/talos_astronaut/astronaut_controllers/include/astronaut_controllers/torso_effort_controller.hpp:142:9:[m[K [01;36m[Knote: [m[Ksuggested alternative:
In file included from [01m[K/home/adrii/talos_public_ws/src/talos_astronaut/astronaut_controllers/include/astronaut_controllers/aruco_cartesian_controller.h:33:0[m[K,
                 from [01m[K/home/adrii/talos_public_ws/src/talos_astronaut/astronaut_controllers/src/cartesian_controller.cpp:3[m[K:
[01m[K/home/adrii/talos_public_ws/devel/.private/astronaut_controllers/include/astronaut_controllers/target_frame.h:22:8:[m[K [01;36m[Knote: [m[K  â€˜[01m[Kastronaut_controllers::target_frame_[m[Kâ€™
 struct target_frame_
[01;32m[K        ^[m[K
In file included from [01m[K/home/adrii/talos_public_ws/src/talos_astronaut/astronaut_controllers/include/astronaut_controllers/torso_effort_controller.h:157:0[m[K,
                 from [01m[K/home/adrii/talos_public_ws/src/talos_astronaut/astronaut_controllers/src/cartesian_controller.cpp:7[m[K:
[01m[K/home/adrii/talos_public_ws/src/talos_astronaut/astronaut_controllers/include/astronaut_controllers/torso_effort_controller.hpp:142:25:[m[K [01;31m[Kerror: [m[Kâ€˜[01m[Ktrajectory_[m[Kâ€™ was not declared in this scope
         target_frame_ = trajectory_->Pos(now_);
[01;32m[K                         ^[m[K
[01m[K/home/adrii/talos_public_ws/src/talos_astronaut/astronaut_controllers/include/astronaut_controllers/torso_effort_controller.hpp:146:9:[m[K [01;31m[Kerror: [m[Kâ€˜[01m[Kvel_i_[m[Kâ€™ was not declared in this scope
         vel_i_ = global_velPof_->Vel(now_);
[01;32m[K         ^[m[K
[01m[K/home/adrii/talos_public_ws/src/talos_astronaut/astronaut_controllers/include/astronaut_controllers/torso_effort_controller.hpp:146:18:[m[K [01;31m[Kerror: [m[Kâ€˜[01m[Kglobal_velPof_[m[Kâ€™ was not declared in this scope
         vel_i_ = global_velPof_->Vel(now_);
[01;32m[K                  ^[m[K
[01m[K/home/adrii/talos_public_ws/src/talos_astronaut/astronaut_controllers/include/astronaut_controllers/torso_effort_controller.hpp:147:9:[m[K [01;31m[Kerror: [m[Kâ€˜[01m[Kacc_i_[m[Kâ€™ was not declared in this scope
         acc_i_ = global_velPof_->Acc(now_);
[01;32m[K         ^[m[K
[01m[K/home/adrii/talos_public_ws/src/talos_astronaut/astronaut_controllers/include/astronaut_controllers/torso_effort_controller.hpp:148:9:[m[K [01;31m[Kerror: [m[Kâ€˜[01m[Kstart_frame_[m[Kâ€™ was not declared in this scope
         start_frame_ = current_pose; // Update de start frame to start the folowing trajectory
[01;32m[K         ^[m[K
[01m[K/home/adrii/talos_public_ws/src/talos_astronaut/astronaut_controllers/include/astronaut_controllers/torso_effort_controller.hpp:154:45:[m[K [01;31m[Kerror: [m[Kâ€˜[01m[Ktarget_frame_[m[Kâ€™ was not declared in this scope
     control_error = KDL::diff(current_pose, target_frame_);
[01;32m[K                                             ^[m[K
[01m[K/home/adrii/talos_public_ws/src/talos_astronaut/astronaut_controllers/include/astronaut_controllers/torso_effort_controller.hpp:154:45:[m[K [01;36m[Knote: [m[Ksuggested alternative:
In file included from [01m[K/home/adrii/talos_public_ws/src/talos_astronaut/astronaut_controllers/include/astronaut_controllers/aruco_cartesian_controller.h:33:0[m[K,
                 from [01m[K/home/adrii/talos_public_ws/src/talos_astronaut/astronaut_controllers/src/cartesian_controller.cpp:3[m[K:
[01m[K/home/adrii/talos_public_ws/devel/.private/astronaut_controllers/include/astronaut_controllers/target_frame.h:22:8:[m[K [01;36m[Knote: [m[K  â€˜[01m[Kastronaut_controllers::target_frame_[m[Kâ€™
 struct target_frame_
[01;32m[K        ^[m[K
In file included from [01m[K/home/adrii/talos_public_ws/src/talos_astronaut/astronaut_controllers/include/astronaut_controllers/torso_effort_controller.h:157:0[m[K,
                 from [01m[K/home/adrii/talos_public_ws/src/talos_astronaut/astronaut_controllers/src/cartesian_controller.cpp:7[m[K:
[01m[K/home/adrii/talos_public_ws/src/talos_astronaut/astronaut_controllers/include/astronaut_controllers/torso_effort_controller.hpp:156:43:[m[K [01;31m[Kerror: [m[Kâ€˜[01m[Kfinal_frame_[m[Kâ€™ was not declared in this scope
     final_error = KDL::diff(current_pose, final_frame_);
[01;32m[K                                           ^[m[K
[01m[K/home/adrii/talos_public_ws/src/talos_astronaut/astronaut_controllers/include/astronaut_controllers/torso_effort_controller.hpp:158:5:[m[K [01;31m[Kerror: [m[Kâ€˜[01m[Kgoal_reached[m[Kâ€™ was not declared in this scope
     goal_reached.data = compareTolerance(final_error);
[01;32m[K     ^[m[K
[01m[K/home/adrii/talos_public_ws/src/talos_astronaut/astronaut_controllers/include/astronaut_controllers/torso_effort_controller.hpp:158:53:[m[K [01;31m[Kerror: [m[Kâ€˜[01m[KcompareTolerance[m[Kâ€™ was not declared in this scope
     goal_reached.data = compareTolerance(final_error);
[01;32m[K                                                     ^[m[K
[01m[K/home/adrii/talos_public_ws/src/talos_astronaut/astronaut_controllers/include/astronaut_controllers/torso_effort_controller.hpp:160:44:[m[K [01;31m[Kerror: [m[Kâ€˜[01m[Kjacobian_[m[Kâ€™ was not declared in this scope
     jnt_to_jac_solver_->JntToJac(jnt_pos_, jacobian_);
[01;32m[K                                            ^[m[K
[01m[K/home/adrii/talos_public_ws/src/talos_astronaut/astronaut_controllers/include/astronaut_controllers/torso_effort_controller.hpp:165:34:[m[K [01;31m[Kerror: [m[Kâ€˜[01m[Kjnt_vel_[m[Kâ€™ was not declared in this scope
         for (unsigned int j=0; j<jnt_vel_.rows(); j++){
[01;32m[K                                  ^[m[K
[01m[K/home/adrii/talos_public_ws/src/talos_astronaut/astronaut_controllers/include/astronaut_controllers/torso_effort_controller.hpp:174:8:[m[K [01;31m[Kerror: [m[Kâ€˜[01m[Kcompute_efforts_[m[Kâ€™ was not declared in this scope
     if(compute_efforts_){
[01;32m[K        ^[m[K
[01m[K/home/adrii/talos_public_ws/src/talos_astronaut/astronaut_controllers/include/astronaut_controllers/torso_effort_controller.hpp:175:9:[m[K [01;31m[Kerror: [m[Kâ€˜[01m[Kjnt_effort_[m[Kâ€™ was not declared in this scope
         jnt_effort_ = calculate_jnt_efforts(model, desired_acc, velocity_error, control_error, jnt_vel_, jnt_pos_, kp_, kv_);
[01;32m[K         ^[m[K
[01m[K/home/adrii/talos_public_ws/src/talos_astronaut/astronaut_controllers/include/astronaut_controllers/torso_effort_controller.hpp:175:45:[m[K [01;31m[Kerror: [m[Kâ€˜[01m[Kmodel[m[Kâ€™ was not declared in this scope
         jnt_effort_ = calculate_jnt_efforts(model, desired_acc, velocity_error, control_error, jnt_vel_, jnt_pos_, kp_, kv_);
[01;32m[K                                             ^[m[K
[01m[K/home/adrii/talos_public_ws/src/talos_astronaut/astronaut_controllers/include/astronaut_controllers/torso_effort_controller.hpp:175:96:[m[K [01;31m[Kerror: [m[Kâ€˜[01m[Kjnt_vel_[m[Kâ€™ was not declared in this scope
         jnt_effort_ = calculate_jnt_efforts(model, desired_acc, velocity_error, control_error, jnt_vel_, jnt_pos_, kp_, kv_);
[01;32m[K                                                                                                ^[m[K
[01m[K/home/adrii/talos_public_ws/src/talos_astronaut/astronaut_controllers/include/astronaut_controllers/torso_effort_controller.hpp:175:116:[m[K [01;31m[Kerror: [m[Kâ€˜[01m[Kkp_[m[Kâ€™ was not declared in this scope
         jnt_effort_ = calculate_jnt_efforts(model, desired_acc, velocity_error, control_error, jnt_vel_, jnt_pos_, kp_, kv_);
[01;32m[K                                                                                                                    ^[m[K
[01m[K/home/adrii/talos_public_ws/src/talos_astronaut/astronaut_controllers/include/astronaut_controllers/torso_effort_controller.hpp:175:121:[m[K [01;31m[Kerror: [m[Kâ€˜[01m[Kkv_[m[Kâ€™ was not declared in this scope
         jnt_effort_ = calculate_jnt_efforts(model, desired_acc, velocity_error, control_error, jnt_vel_, jnt_pos_, kp_, kv_);
[01;32m[K                                                                                                                         ^[m[K
[01m[K/home/adrii/talos_public_ws/src/talos_astronaut/astronaut_controllers/include/astronaut_controllers/torso_effort_controller.hpp:175:124:[m[K [01;31m[Kerror: [m[Kâ€˜[01m[Kcalculate_jnt_efforts[m[Kâ€™ was not declared in this scope
         jnt_effort_ = calculate_jnt_efforts(model, desired_acc, velocity_error, control_error, jnt_vel_, jnt_pos_, kp_, kv_);
[01;32m[K                                                                                                                            ^[m[K
[01m[K/home/adrii/talos_public_ws/src/talos_astronaut/astronaut_controllers/include/astronaut_controllers/torso_effort_controller.hpp:178:23:[m[K [01;31m[Kerror: [m[Kâ€˜[01m[Kjnt_effort_[m[Kâ€™ was not declared in this scope
     writeJointCommand(jnt_effort_);
[01;32m[K                       ^[m[K
[01m[K/home/adrii/talos_public_ws/src/talos_astronaut/astronaut_controllers/include/astronaut_controllers/torso_effort_controller.hpp:178:34:[m[K [01;31m[Kerror: [m[Kâ€˜[01m[KwriteJointCommand[m[Kâ€™ was not declared in this scope
     writeJointCommand(jnt_effort_);
[01;32m[K                                  ^[m[K
[01m[K/home/adrii/talos_public_ws/src/talos_astronaut/astronaut_controllers/include/astronaut_controllers/torso_effort_controller.hpp:208:5:[m[K [01;31m[Kerror: [m[Kâ€˜[01m[Ktolerance_publisher_[m[Kâ€™ was not declared in this scope
     tolerance_publisher_.publish(goal_reached);
[01;32m[K     ^[m[K
[01m[K/home/adrii/talos_public_ws/src/talos_astronaut/astronaut_controllers/include/astronaut_controllers/torso_effort_controller.hpp:209:5:[m[K [01;31m[Kerror: [m[Kâ€˜[01m[Kcontrol_error_pub_[m[Kâ€™ was not declared in this scope
     control_error_pub_.publish(plot_error);
[01;32m[K     ^[m[K
[01m[K/home/adrii/talos_public_ws/src/talos_astronaut/astronaut_controllers/include/astronaut_controllers/torso_effort_controller.hpp:210:5:[m[K [01;31m[Kerror: [m[Kâ€˜[01m[Kvelocity_error_pub_[m[Kâ€™ was not declared in this scope
     velocity_error_pub_.publish(plot_vel_error);
[01;32m[K     ^[m[K
[01m[K/home/adrii/talos_public_ws/src/talos_astronaut/astronaut_controllers/include/astronaut_controllers/torso_effort_controller.hpp:211:5:[m[K [01;31m[Kerror: [m[Kâ€˜[01m[Kjoint_value_pub_[m[Kâ€™ was not declared in this scope
     joint_value_pub_.publish(joint_value);
[01;32m[K     ^[m[K
[01m[K/home/adrii/talos_public_ws/src/talos_astronaut/astronaut_controllers/include/astronaut_controllers/torso_effort_controller.hpp:215:30:[m[K [01;31m[Kerror: [m[Kâ€˜[01m[Kstart_trajectory_[m[Kâ€™ was not declared in this scope
     if(goal_reached.data and start_trajectory_){
[01;32m[K                              ^[m[K
[01m[K/home/adrii/talos_public_ws/src/talos_astronaut/astronaut_controllers/include/astronaut_controllers/torso_effort_controller.hpp:217:9:[m[K [01;31m[Kerror: [m[Kâ€˜[01m[Kstart_frame_[m[Kâ€™ was not declared in this scope
         start_frame_ = current_pose;
[01;32m[K         ^[m[K
[01m[K/home/adrii/talos_public_ws/src/talos_astronaut/astronaut_controllers/include/astronaut_controllers/torso_effort_controller.hpp:219:9:[m[K [01;31m[Kerror: [m[Kâ€˜[01m[Kfinish_trajectory_[m[Kâ€™ was not declared in this scope
         finish_trajectory_ = true;
[01;32m[K         ^[m[K
[01m[K/home/adrii/talos_public_ws/src/talos_astronaut/astronaut_controllers/include/astronaut_controllers/torso_effort_controller.hpp:[m[K At global scope:
[01m[K/home/adrii/talos_public_ws/src/talos_astronaut/astronaut_controllers/include/astronaut_controllers/torso_effort_controller.hpp:224:6:[m[K [01;31m[Kerror: [m[Kâ€˜[01m[Ktorso_effort_controller_class[m[Kâ€™ has not been declared
 void torso_effort_controller_class::writeJointCommand(std::vector<float> joint_command){
[01;32m[K      ^[m[K
[01m[K/home/adrii/talos_public_ws/src/talos_astronaut/astronaut_controllers/include/astronaut_controllers/torso_effort_controller.hpp:[m[K In function â€˜[01m[Kvoid writeJointCommand(std::vector<float>)[m[Kâ€™:
[01m[K/home/adrii/talos_public_ws/src/talos_astronaut/astronaut_controllers/include/astronaut_controllers/torso_effort_controller.hpp:226:27:[m[K [01;31m[Kerror: [m[Kâ€˜[01m[Kjoint_handles_[m[Kâ€™ was not declared in this scope
     for(size_t i = 0; i < joint_handles_.size(); i++){
[01;32m[K                           ^[m[K
[01m[K/home/adrii/talos_public_ws/src/talos_astronaut/astronaut_controllers/include/astronaut_controllers/torso_effort_controller.hpp:[m[K At global scope:
[01m[K/home/adrii/talos_public_ws/src/talos_astronaut/astronaut_controllers/include/astronaut_controllers/torso_effort_controller.hpp:231:6:[m[K [01;31m[Kerror: [m[Kâ€˜[01m[Ktorso_effort_controller_class[m[Kâ€™ has not been declared
 void torso_effort_controller_class::starting(const ros::Time &time) {
[01;32m[K      ^[m[K
In file included from [01m[K/home/adrii/talos_public_ws/src/talos_astronaut/astronaut_controllers/include/astronaut_controllers/torso_effort_controller.h:157:0[m[K,
                 from [01m[K/home/adrii/talos_public_ws/src/talos_astronaut/astronaut_controllers/src/cartesian_controller.cpp:7[m[K:
[01m[K/home/adrii/talos_public_ws/src/talos_astronaut/astronaut_controllers/include/astronaut_controllers/torso_effort_controller.hpp:[m[K In function â€˜[01m[Kvoid starting(const ros::Time&)[m[Kâ€™:
[01m[K/home/adrii/talos_public_ws/src/talos_astronaut/astronaut_controllers/include/astronaut_controllers/torso_effort_controller.hpp:234:5:[m[K [01;31m[Kerror: [m[Kâ€˜[01m[Kkp_[m[Kâ€™ was not declared in this scope
     kp_ = 300;
[01;32m[K     ^[m[K
[01m[K/home/adrii/talos_public_ws/src/talos_astronaut/astronaut_controllers/include/astronaut_controllers/torso_effort_controller.hpp:235:5:[m[K [01;31m[Kerror: [m[Kâ€˜[01m[Kkv_[m[Kâ€™ was not declared in this scope
     kv_ = 10.0;
[01;32m[K     ^[m[K
[01m[K/home/adrii/talos_public_ws/src/talos_astronaut/astronaut_controllers/include/astronaut_controllers/torso_effort_controller.hpp:237:5:[m[K [01;31m[Kerror: [m[Kâ€˜[01m[Kdiff_frame_[m[Kâ€™ was not declared in this scope
     diff_frame_ = false;
[01;32m[K     ^[m[K
[01m[K/home/adrii/talos_public_ws/src/talos_astronaut/astronaut_controllers/include/astronaut_controllers/torso_effort_controller.hpp:238:5:[m[K [01;31m[Kerror: [m[Kâ€˜[01m[Kgoal_reached[m[Kâ€™ was not declared in this scope
     goal_reached.data = false;
[01;32m[K     ^[m[K
[01m[K/home/adrii/talos_public_ws/src/talos_astronaut/astronaut_controllers/include/astronaut_controllers/torso_effort_controller.hpp:240:5:[m[K [01;31m[Kerror: [m[Kâ€˜[01m[Karuco_2_target_[m[Kâ€™ was not declared in this scope
     aruco_2_target_ = KDL::Frame(KDL::Rotation::RPY(1.555, 0.1558, -3.008), KDL::Vector(-0.491, 0.310, -0.090)); // HEY-5 Point
[01;32m[K     ^[m[K
[01m[K/home/adrii/talos_public_ws/src/talos_astronaut/astronaut_controllers/include/astronaut_controllers/torso_effort_controller.hpp:243:5:[m[K [01;31m[Kerror: [m[Kâ€˜[01m[Know_[m[Kâ€™ was not declared in this scope
     now_ = 0.0;
[01;32m[K     ^[m[K
[01m[K/home/adrii/talos_public_ws/src/talos_astronaut/astronaut_controllers/include/astronaut_controllers/torso_effort_controller.hpp:244:5:[m[K [01;31m[Kerror: [m[Kâ€˜[01m[Kvel_i_[m[Kâ€™ was not declared in this scope
     vel_i_ = 0.0;
[01;32m[K     ^[m[K
[01m[K/home/adrii/talos_public_ws/src/talos_astronaut/astronaut_controllers/include/astronaut_controllers/torso_effort_controller.hpp:245:5:[m[K [01;31m[Kerror: [m[Kâ€˜[01m[Kacc_i_[m[Kâ€™ was not declared in this scope
     acc_i_ = 0.0;
[01;32m[K     ^[m[K
[01m[K/home/adrii/talos_public_ws/src/talos_astronaut/astronaut_controllers/include/astronaut_controllers/torso_effort_controller.hpp:246:5:[m[K [01;31m[Kerror: [m[Kâ€˜[01m[Kduration_time_[m[Kâ€™ was not declared in this scope
     duration_time_ = 0.0; 
[01;32m[K     ^[m[K
[01m[K/home/adrii/talos_public_ws/src/talos_astronaut/astronaut_controllers/include/astronaut_controllers/torso_effort_controller.hpp:247:5:[m[K [01;31m[Kerror: [m[Kâ€˜[01m[Kcompute_efforts_[m[Kâ€™ was not declared in this scope
     compute_efforts_= false;
[01;32m[K     ^[m[K
[01m[K/home/adrii/talos_public_ws/src/talos_astronaut/astronaut_controllers/include/astronaut_controllers/torso_effort_controller.hpp:248:5:[m[K [01;31m[Kerror: [m[Kâ€˜[01m[Kstart_trajectory_[m[Kâ€™ was not declared in this scope
     start_trajectory_ = false;
[01;32m[K     ^[m[K
[01m[K/home/adrii/talos_public_ws/src/talos_astronaut/astronaut_controllers/include/astronaut_controllers/torso_effort_controller.hpp:249:5:[m[K [01;31m[Kerror: [m[Kâ€˜[01m[Kfinish_trajectory_[m[Kâ€™ was not declared in this scope
     finish_trajectory_ = false;
[01;32m[K     ^[m[K
[01m[K/home/adrii/talos_public_ws/src/talos_astronaut/astronaut_controllers/include/astronaut_controllers/torso_effort_controller.hpp:250:5:[m[K [01;31m[Kerror: [m[Kâ€˜[01m[Ktake_start_distance_[m[Kâ€™ was not declared in this scope
     take_start_distance_ = true;
[01;32m[K     ^[m[K
[01m[K/home/adrii/talos_public_ws/src/talos_astronaut/astronaut_controllers/include/astronaut_controllers/torso_effort_controller.hpp:251:5:[m[K [01;31m[Kerror: [m[Kâ€˜[01m[Kref_time_[m[Kâ€™ was not declared in this scope
     ref_time_ = ros::Duration(9.0).toSec(); //9 sec trajectory
[01;32m[K     ^[m[K
[01m[K/home/adrii/talos_public_ws/src/talos_astronaut/astronaut_controllers/include/astronaut_controllers/torso_effort_controller.hpp:252:5:[m[K [01;31m[Kerror: [m[Kâ€˜[01m[Kglobal_velPof_[m[Kâ€™ was not declared in this scope
     global_velPof_ = new KDL::VelocityProfile_Spline();
[01;32m[K     ^[m[K
[01m[K/home/adrii/talos_public_ws/src/talos_astronaut/astronaut_controllers/include/astronaut_controllers/torso_effort_controller.hpp:256:33:[m[K [01;31m[Kerror: [m[Kâ€˜[01m[Kjoint_handles_[m[Kâ€™ was not declared in this scope
     for(unsigned int i = 0; i < joint_handles_.size(); i++){
[01;32m[K                                 ^[m[K
[01m[K/home/adrii/talos_public_ws/src/talos_astronaut/astronaut_controllers/include/astronaut_controllers/torso_effort_controller.hpp:257:19:[m[K [01;31m[Kerror: [m[Kâ€˜[01m[Kjnt_pos_[m[Kâ€™ was not declared in this scope
         jnt_pos_(i) = joint_handles_[i].getPosition();
[01;32m[K                   ^[m[K
[01m[K/home/adrii/talos_public_ws/src/talos_astronaut/astronaut_controllers/include/astronaut_controllers/torso_effort_controller.hpp:261:5:[m[K [01;31m[Kerror: [m[Kâ€˜[01m[Kfk_status[m[Kâ€™ was not declared in this scope
     fk_status = jnt_to_pose_solver_->JntToCart(jnt_pos_,current_pose);
[01;32m[K     ^[m[K
[01m[K/home/adrii/talos_public_ws/src/talos_astronaut/astronaut_controllers/include/astronaut_controllers/torso_effort_controller.hpp:261:17:[m[K [01;31m[Kerror: [m[Kâ€˜[01m[Kjnt_to_pose_solver_[m[Kâ€™ was not declared in this scope
     fk_status = jnt_to_pose_solver_->JntToCart(jnt_pos_,current_pose);
[01;32m[K                 ^[m[K
[01m[K/home/adrii/talos_public_ws/src/talos_astronaut/astronaut_controllers/include/astronaut_controllers/torso_effort_controller.hpp:261:48:[m[K [01;31m[Kerror: [m[Kâ€˜[01m[Kjnt_pos_[m[Kâ€™ was not declared in this scope
     fk_status = jnt_to_pose_solver_->JntToCart(jnt_pos_,current_pose);
[01;32m[K                                                ^[m[K
[01m[K/home/adrii/talos_public_ws/src/talos_astronaut/astronaut_controllers/include/astronaut_controllers/torso_effort_controller.hpp:266:5:[m[K [01;31m[Kerror: [m[Kâ€˜[01m[Ktarget_frame_[m[Kâ€™ was not declared in this scope
     target_frame_ = current_pose;
[01;32m[K     ^[m[K
[01m[K/home/adrii/talos_public_ws/src/talos_astronaut/astronaut_controllers/include/astronaut_controllers/torso_effort_controller.hpp:266:5:[m[K [01;36m[Knote: [m[Ksuggested alternative:
In file included from [01m[K/home/adrii/talos_public_ws/src/talos_astronaut/astronaut_controllers/include/astronaut_controllers/aruco_cartesian_controller.h:33:0[m[K,
                 from [01m[K/home/adrii/talos_public_ws/src/talos_astronaut/astronaut_controllers/src/cartesian_controller.cpp:3[m[K:
[01m[K/home/adrii/talos_public_ws/devel/.private/astronaut_controllers/include/astronaut_controllers/target_frame.h:22:8:[m[K [01;36m[Knote: [m[K  â€˜[01m[Kastronaut_controllers::target_frame_[m[Kâ€™
 struct target_frame_
[01;32m[K        ^[m[K
In file included from [01m[K/home/adrii/talos_public_ws/src/talos_astronaut/astronaut_controllers/include/astronaut_controllers/torso_effort_controller.h:157:0[m[K,
                 from [01m[K/home/adrii/talos_public_ws/src/talos_astronaut/astronaut_controllers/src/cartesian_controller.cpp:7[m[K:
[01m[K/home/adrii/talos_public_ws/src/talos_astronaut/astronaut_controllers/include/astronaut_controllers/torso_effort_controller.hpp:269:5:[m[K [01;31m[Kerror: [m[Kâ€˜[01m[Klocal_frame_[m[Kâ€™ was not declared in this scope
     local_frame_ = current_pose;
[01;32m[K     ^[m[K
[01m[K/home/adrii/talos_public_ws/src/talos_astronaut/astronaut_controllers/include/astronaut_controllers/torso_effort_controller.hpp:270:5:[m[K [01;31m[Kerror: [m[Kâ€˜[01m[Kstart_frame_[m[Kâ€™ was not declared in this scope
     start_frame_ = current_pose;
[01;32m[K     ^[m[K
[01m[K/home/adrii/talos_public_ws/src/talos_astronaut/astronaut_controllers/include/astronaut_controllers/torso_effort_controller.hpp:278:78:[m[K [01;31m[Kerror: [m[Kâ€˜[01m[Kmodel_complete[m[Kâ€™ was not declared in this scope
     pinocchio::urdf::buildModel(urdf_path, pinocchio::JointModelFreeFlyer(), model_complete);
[01;32m[K                                                                              ^[m[K
[01m[K/home/adrii/talos_public_ws/src/talos_astronaut/astronaut_controllers/include/astronaut_controllers/torso_effort_controller.hpp:298:83:[m[K [01;31m[Kerror: [m[Kâ€˜[01m[Kmodel[m[Kâ€™ was not declared in this scope
     pinocchio::buildReducedModel(model_complete, articulaciones_bloqueadas_id, q, model);
[01;32m[K                                                                                   ^[m[K
[01m[K/home/adrii/talos_public_ws/src/talos_astronaut/astronaut_controllers/include/astronaut_controllers/torso_effort_controller.hpp:[m[K At global scope:
[01m[K/home/adrii/talos_public_ws/src/talos_astronaut/astronaut_controllers/include/astronaut_controllers/torso_effort_controller.hpp:304:6:[m[K [01;31m[Kerror: [m[Kâ€˜[01m[Ktorso_effort_controller_class[m[Kâ€™ has not been declared
 void torso_effort_controller_class::stopping(const ros::Time &time) {}
[01;32m[K      ^[m[K
[01m[K/home/adrii/talos_public_ws/src/talos_astronaut/astronaut_controllers/include/astronaut_controllers/torso_effort_controller.hpp:306:6:[m[K [01;31m[Kerror: [m[Kâ€˜[01m[Ktorso_effort_controller_class[m[Kâ€™ has not been declared
 bool torso_effort_controller_class::compareTolerance(KDL::Twist error){
[01;32m[K      ^[m[K
[01m[K/home/adrii/talos_public_ws/src/talos_astronaut/astronaut_controllers/include/astronaut_controllers/torso_effort_controller.hpp:[m[K In function â€˜[01m[Kbool compareTolerance(KDL::Twist)[m[Kâ€™:
[01m[K/home/adrii/talos_public_ws/src/talos_astronaut/astronaut_controllers/include/astronaut_controllers/torso_effort_controller.hpp:309:8:[m[K [01;31m[Kerror: [m[Kâ€˜[01m[Kdiff_frame_[m[Kâ€™ was not declared in this scope
     if(diff_frame_){ // To not check when it has just started
[01;32m[K        ^[m[K
[01m[K/home/adrii/talos_public_ws/src/talos_astronaut/astronaut_controllers/include/astronaut_controllers/torso_effort_controller.hpp:318:29:[m[K [01;31m[Kerror: [m[Kâ€˜[01m[Ktolerance_[m[Kâ€™ was not declared in this scope
         if(fabs(error(0)) < tolerance_ and fabs(error(1)) < tolerance_ and fabs(error(2)) < tolerance_){
[01;32m[K                             ^[m[K
[01m[K/home/adrii/talos_public_ws/src/talos_astronaut/astronaut_controllers/include/astronaut_controllers/torso_effort_controller.hpp:[m[K At global scope:
[01m[K/home/adrii/talos_public_ws/src/talos_astronaut/astronaut_controllers/include/astronaut_controllers/torso_effort_controller.hpp:329:6:[m[K [01;31m[Kerror: [m[Kâ€˜[01m[Ktorso_effort_controller_class[m[Kâ€™ has not been declared
 bool torso_effort_controller_class::diffTargetFrame(KDL::Frame target_frame){
[01;32m[K      ^[m[K
[01m[K/home/adrii/talos_public_ws/src/talos_astronaut/astronaut_controllers/include/astronaut_controllers/torso_effort_controller.hpp:[m[K In function â€˜[01m[Kbool diffTargetFrame(KDL::Frame)[m[Kâ€™:
[01m[K/home/adrii/talos_public_ws/src/talos_astronaut/astronaut_controllers/include/astronaut_controllers/torso_effort_controller.hpp:331:24:[m[K [01;31m[Kerror: [m[Kâ€˜[01m[Klocal_frame_[m[Kâ€™ was not declared in this scope
     if(target_frame != local_frame_){
[01;32m[K                        ^[m[K
[01m[K/home/adrii/talos_public_ws/src/talos_astronaut/astronaut_controllers/include/astronaut_controllers/torso_effort_controller.hpp:[m[K At global scope:
[01m[K/home/adrii/talos_public_ws/src/talos_astronaut/astronaut_controllers/include/astronaut_controllers/torso_effort_controller.hpp:337:6:[m[K [01;31m[Kerror: [m[Kâ€˜[01m[Ktorso_effort_controller_class[m[Kâ€™ has not been declared
 void torso_effort_controller_class::transformationCallback(const geometry_msgs::PoseStamped& data){
[01;32m[K      ^[m[K
[01m[K/home/adrii/talos_public_ws/src/talos_astronaut/astronaut_controllers/include/astronaut_controllers/torso_effort_controller.hpp:[m[K In function â€˜[01m[Kvoid transformationCallback(const PoseStamped&)[m[Kâ€™:
[01m[K/home/adrii/talos_public_ws/src/talos_astronaut/astronaut_controllers/include/astronaut_controllers/torso_effort_controller.hpp:351:9:[m[K [01;31m[Kerror: [m[Kâ€˜[01m[Ktalos_2_aruco_[m[Kâ€™ was not declared in this scope
         talos_2_aruco_ = KDL::Frame(KDL::Rotation::Quaternion(q_x, q_y, q_z, q_w), KDL::Vector(x, y, z));
[01;32m[K         ^[m[K
[01m[K/home/adrii/talos_public_ws/src/talos_astronaut/astronaut_controllers/include/astronaut_controllers/torso_effort_controller.hpp:352:9:[m[K [01;31m[Kerror: [m[Kâ€˜[01m[Ktarget_frame_[m[Kâ€™ was not declared in this scope
         target_frame_ = talos_2_aruco_ * aruco_2_target_; // Transformation from base link to position using aruco reference.
[01;32m[K         ^[m[K
[01m[K/home/adrii/talos_public_ws/src/talos_astronaut/astronaut_controllers/include/astronaut_controllers/torso_effort_controller.hpp:352:9:[m[K [01;36m[Knote: [m[Ksuggested alternative:
In file included from [01m[K/home/adrii/talos_public_ws/src/talos_astronaut/astronaut_controllers/include/astronaut_controllers/aruco_cartesian_controller.h:33:0[m[K,
                 from [01m[K/home/adrii/talos_public_ws/src/talos_astronaut/astronaut_controllers/src/cartesian_controller.cpp:3[m[K:
[01m[K/home/adrii/talos_public_ws/devel/.private/astronaut_controllers/include/astronaut_controllers/target_frame.h:22:8:[m[K [01;36m[Knote: [m[K  â€˜[01m[Kastronaut_controllers::target_frame_[m[Kâ€™
 struct target_frame_
[01;32m[K        ^[m[K
In file included from [01m[K/home/adrii/talos_public_ws/src/talos_astronaut/astronaut_controllers/include/astronaut_controllers/torso_effort_controller.h:157:0[m[K,
                 from [01m[K/home/adrii/talos_public_ws/src/talos_astronaut/astronaut_controllers/src/cartesian_controller.cpp:7[m[K:
[01m[K/home/adrii/talos_public_ws/src/talos_astronaut/astronaut_controllers/include/astronaut_controllers/torso_effort_controller.hpp:352:42:[m[K [01;31m[Kerror: [m[Kâ€˜[01m[Karuco_2_target_[m[Kâ€™ was not declared in this scope
         target_frame_ = talos_2_aruco_ * aruco_2_target_; // Transformation from base link to position using aruco reference.
[01;32m[K                                          ^[m[K
[01m[K/home/adrii/talos_public_ws/src/talos_astronaut/astronaut_controllers/include/astronaut_controllers/torso_effort_controller.hpp:354:52:[m[K [01;31m[Kerror: [m[Kâ€˜[01m[Kfinish_trajectory_[m[Kâ€™ was not declared in this scope
         if (diffTargetFrame(target_frame_) and not finish_trajectory_) {
[01;32m[K                                                    ^[m[K
[01m[K/home/adrii/talos_public_ws/src/talos_astronaut/astronaut_controllers/include/astronaut_controllers/torso_effort_controller.hpp:355:13:[m[K [01;31m[Kerror: [m[Kâ€˜[01m[Kdiff_frame_[m[Kâ€™ was not declared in this scope
             diff_frame_ = true;
[01;32m[K             ^[m[K
[01m[K/home/adrii/talos_public_ws/src/talos_astronaut/astronaut_controllers/include/astronaut_controllers/torso_effort_controller.hpp:356:13:[m[K [01;31m[Kerror: [m[Kâ€˜[01m[Kfinal_frame_[m[Kâ€™ was not declared in this scope
             final_frame_ = target_frame_;
[01;32m[K             ^[m[K
[01m[K/home/adrii/talos_public_ws/src/talos_astronaut/astronaut_controllers/include/astronaut_controllers/torso_effort_controller.hpp:358:16:[m[K [01;31m[Kerror: [m[Kâ€˜[01m[Ktake_start_distance_[m[Kâ€™ was not declared in this scope
             if(take_start_distance_){
[01;32m[K                ^[m[K
[01m[K/home/adrii/talos_public_ws/src/talos_astronaut/astronaut_controllers/include/astronaut_controllers/torso_effort_controller.hpp:359:17:[m[K [01;31m[Kerror: [m[Kâ€˜[01m[Kstart_distance_[m[Kâ€™ was not declared in this scope
                 start_distance_ = distanceBetweenFrames(start_frame_, final_frame_);
[01;32m[K                 ^[m[K
[01m[K/home/adrii/talos_public_ws/src/talos_astronaut/astronaut_controllers/include/astronaut_controllers/torso_effort_controller.hpp:359:57:[m[K [01;31m[Kerror: [m[Kâ€˜[01m[Kstart_frame_[m[Kâ€™ was not declared in this scope
                 start_distance_ = distanceBetweenFrames(start_frame_, final_frame_);
[01;32m[K                                                         ^[m[K
[01m[K/home/adrii/talos_public_ws/src/talos_astronaut/astronaut_controllers/include/astronaut_controllers/torso_effort_controller.hpp:359:83:[m[K [01;31m[Kerror: [m[Kâ€˜[01m[KdistanceBetweenFrames[m[Kâ€™ was not declared in this scope
                 start_distance_ = distanceBetweenFrames(start_frame_, final_frame_);
[01;32m[K                                                                                   ^[m[K
[01m[K/home/adrii/talos_public_ws/src/talos_astronaut/astronaut_controllers/include/astronaut_controllers/torso_effort_controller.hpp:362:59:[m[K [01;31m[Kerror: [m[Kâ€˜[01m[Kstart_frame_[m[Kâ€™ was not declared in this scope
             double frame_distance = distanceBetweenFrames(start_frame_, final_frame_);
[01;32m[K                                                           ^[m[K
[01m[K/home/adrii/talos_public_ws/src/talos_astronaut/astronaut_controllers/include/astronaut_controllers/torso_effort_controller.hpp:362:85:[m[K [01;31m[Kerror: [m[Kâ€˜[01m[KdistanceBetweenFrames[m[Kâ€™ was not declared in this scope
             double frame_distance = distanceBetweenFrames(start_frame_, final_frame_);
[01;32m[K                                                                                     ^[m[K
[01m[K/home/adrii/talos_public_ws/src/talos_astronaut/astronaut_controllers/include/astronaut_controllers/torso_effort_controller.hpp:364:13:[m[K [01;31m[Kerror: [m[Kâ€˜[01m[Kduration_time_[m[Kâ€™ was not declared in this scope
             duration_time_ = (frame_distance * ref_time_)/start_distance_;
[01;32m[K             ^[m[K
[01m[K/home/adrii/talos_public_ws/src/talos_astronaut/astronaut_controllers/include/astronaut_controllers/torso_effort_controller.hpp:364:48:[m[K [01;31m[Kerror: [m[Kâ€˜[01m[Kref_time_[m[Kâ€™ was not declared in this scope
             duration_time_ = (frame_distance * ref_time_)/start_distance_;
[01;32m[K                                                ^[m[K
[01m[K/home/adrii/talos_public_ws/src/talos_astronaut/astronaut_controllers/include/astronaut_controllers/torso_effort_controller.hpp:364:59:[m[K [01;31m[Kerror: [m[Kâ€˜[01m[Kstart_distance_[m[Kâ€™ was not declared in this scope
             duration_time_ = (frame_distance * ref_time_)/start_distance_;
[01;32m[K                                                           ^[m[K
[01m[K/home/adrii/talos_public_ws/src/talos_astronaut/astronaut_controllers/include/astronaut_controllers/torso_effort_controller.hpp:367:13:[m[K [01;31m[Kerror: [m[Kâ€˜[01m[Kbegin_time_[m[Kâ€™ was not declared in this scope
             begin_time_ = ros::Time::now();
[01;32m[K             ^[m[K
[01m[K/home/adrii/talos_public_ws/src/talos_astronaut/astronaut_controllers/include/astronaut_controllers/torso_effort_controller.hpp:371:13:[m[K [01;31m[Kerror: [m[Kâ€˜[01m[Ktrajectory_[m[Kâ€™ was not declared in this scope
             trajectory_ = trajectoryPlanner(start_frame_, final_frame_,vel_i_, acc_i_, duration_time_);
[01;32m[K             ^[m[K
[01m[K/home/adrii/talos_public_ws/src/talos_astronaut/astronaut_controllers/include/astronaut_controllers/torso_effort_controller.hpp:371:72:[m[K [01;31m[Kerror: [m[Kâ€˜[01m[Kvel_i_[m[Kâ€™ was not declared in this scope
             trajectory_ = trajectoryPlanner(start_frame_, final_frame_,vel_i_, acc_i_, duration_time_);
[01;32m[K                                                                        ^[m[K
[01m[K/home/adrii/talos_public_ws/src/talos_astronaut/astronaut_controllers/include/astronaut_controllers/torso_effort_controller.hpp:371:80:[m[K [01;31m[Kerror: [m[Kâ€˜[01m[Kacc_i_[m[Kâ€™ was not declared in this scope
             trajectory_ = trajectoryPlanner(start_frame_, final_frame_,vel_i_, acc_i_, duration_time_);
[01;32m[K                                                                                ^[m[K
[01m[K/home/adrii/talos_public_ws/src/talos_astronaut/astronaut_controllers/include/astronaut_controllers/torso_effort_controller.hpp:371:102:[m[K [01;31m[Kerror: [m[Kâ€˜[01m[KtrajectoryPlanner[m[Kâ€™ was not declared in this scope
             trajectory_ = trajectoryPlanner(start_frame_, final_frame_,vel_i_, acc_i_, duration_time_);
[01;32m[K                                                                                                      ^[m[K
[01m[K/home/adrii/talos_public_ws/src/talos_astronaut/astronaut_controllers/include/astronaut_controllers/torso_effort_controller.hpp:372:13:[m[K [01;31m[Kerror: [m[Kâ€˜[01m[Klocal_frame_[m[Kâ€™ was not declared in this scope
             local_frame_ = target_frame_;
[01;32m[K             ^[m[K
[01m[K/home/adrii/talos_public_ws/src/talos_astronaut/astronaut_controllers/include/astronaut_controllers/torso_effort_controller.hpp:373:13:[m[K [01;31m[Kerror: [m[Kâ€˜[01m[Kstart_trajectory_[m[Kâ€™ was not declared in this scope
             start_trajectory_ = true;
[01;32m[K             ^[m[K
[01m[K/home/adrii/talos_public_ws/src/talos_astronaut/astronaut_controllers/include/astronaut_controllers/torso_effort_controller.hpp:374:13:[m[K [01;31m[Kerror: [m[Kâ€˜[01m[Kcompute_efforts_[m[Kâ€™ was not declared in this scope
             compute_efforts_ = true;
[01;32m[K             ^[m[K
[01m[K/home/adrii/talos_public_ws/src/talos_astronaut/astronaut_controllers/include/astronaut_controllers/torso_effort_controller.hpp:375:13:[m[K [01;31m[Kerror: [m[Kâ€˜[01m[Ktake_start_distance_[m[Kâ€™ was not declared in this scope
             take_start_distance_ = false;
[01;32m[K             ^[m[K
[01m[K/home/adrii/talos_public_ws/src/talos_astronaut/astronaut_controllers/include/astronaut_controllers/torso_effort_controller.hpp:[m[K At global scope:
[01m[K/home/adrii/talos_public_ws/src/talos_astronaut/astronaut_controllers/include/astronaut_controllers/torso_effort_controller.hpp:382:18:[m[K [01;31m[Kerror: [m[Kâ€˜[01m[Ktorso_effort_controller_class[m[Kâ€™ has not been declared
 KDL::Trajectory* torso_effort_controller_class::trajectoryPlanner(const KDL::Frame start, const KDL::Frame ending, double vel_i, double acc_i, double duration){
[01;32m[K                  ^[m[K
[01m[K/home/adrii/talos_public_ws/src/talos_astronaut/astronaut_controllers/include/astronaut_controllers/torso_effort_controller.hpp:[m[K In function â€˜[01m[KKDL::Trajectory* trajectoryPlanner(KDL::Frame, KDL::Frame, double, double, double)[m[Kâ€™:
[01m[K/home/adrii/talos_public_ws/src/talos_astronaut/astronaut_controllers/include/astronaut_controllers/torso_effort_controller.hpp:393:5:[m[K [01;31m[Kerror: [m[Kâ€˜[01m[Kglobal_velPof_[m[Kâ€™ was not declared in this scope
     global_velPof_->SetProfileDuration(0, vel_i, acc_i, path->PathLength(), 0, 0.0,  duration); // To get the velocity and accelration of the previous trajectory
[01;32m[K     ^[m[K
[01m[K/home/adrii/talos_public_ws/src/talos_astronaut/astronaut_controllers/include/astronaut_controllers/torso_effort_controller.hpp:[m[K At global scope:
[01m[K/home/adrii/talos_public_ws/src/talos_astronaut/astronaut_controllers/include/astronaut_controllers/torso_effort_controller.hpp:400:8:[m[K [01;31m[Kerror: [m[Kâ€˜[01m[Ktorso_effort_controller_class[m[Kâ€™ has not been declared
 double torso_effort_controller_class::distanceBetweenFrames(const KDL::Frame start, const KDL::Frame ending){
[01;32m[K        ^[m[K
[01m[K/home/adrii/talos_public_ws/src/talos_astronaut/astronaut_controllers/include/astronaut_controllers/torso_effort_controller.hpp:[m[K In function â€˜[01m[Kdouble distanceBetweenFrames(KDL::Frame, KDL::Frame)[m[Kâ€™:
[01m[K/home/adrii/talos_public_ws/src/talos_astronaut/astronaut_controllers/include/astronaut_controllers/torso_effort_controller.hpp:407:35:[m[K [01;31m[Kerror: [m[Kâ€˜[01m[Ktrace[m[Kâ€™ was not declared in this scope
     angle_distance = acos((trace(R)-1)/2); // Distance beetwen start matrix rotation and end matrix rotation
[01;32m[K                                   ^[m[K
[01m[K/home/adrii/talos_public_ws/src/talos_astronaut/astronaut_controllers/include/astronaut_controllers/torso_effort_controller.hpp:[m[K At global scope:
[01m[K/home/adrii/talos_public_ws/src/talos_astronaut/astronaut_controllers/include/astronaut_controllers/torso_effort_controller.hpp:427:8:[m[K [01;31m[Kerror: [m[Kâ€˜[01m[Ktorso_effort_controller_class[m[Kâ€™ has not been declared
 double torso_effort_controller_class::trace(const KDL::Frame frame){
[01;32m[K        ^[m[K
[01m[K/home/adrii/talos_public_ws/src/talos_astronaut/astronaut_controllers/include/astronaut_controllers/torso_effort_controller.hpp:439:15:[m[K [01;31m[Kerror: [m[Kâ€˜[01m[Ktorso_effort_controller_class[m[Kâ€™ has not been declared
 _Matrix_Type_ torso_effort_controller_class::pseudoInverse(const _Matrix_Type_ &a){
[01;32m[K               ^[m[K
[01m[K/home/adrii/talos_public_ws/src/talos_astronaut/astronaut_controllers/include/astronaut_controllers/torso_effort_controller.hpp:450:20:[m[K [01;31m[Kerror: [m[Kâ€˜[01m[Ktorso_effort_controller_class[m[Kâ€™ has not been declared
 std::vector<float> torso_effort_controller_class::calculate_jnt_efforts(pinocchio::Model model, KDL::Twist dot_dot_Xd, KDL::Twist dot_X_err, KDL::Twist x_err, KDL::JntArray jnt_vel, 
[01;32m[K                    ^[m[K
[01m[K/home/adrii/talos_public_ws/src/talos_astronaut/astronaut_controllers/include/astronaut_controllers/torso_effort_controller.hpp:533:1:[m[K [01;31m[Kerror: [m[Kexpected declaration before â€˜[01m[K}[m[Kâ€™ token
 }; // namespace
[01;32m[K ^[m[K
In file included from [01m[K/home/adrii/talos_public_ws/src/ros_control/hardware_interface/include/hardware_interface/robot_hw.h:35:0[m[K,
                 from [01m[K/home/adrii/talos_public_ws/src/ros_control/controller_interface/include/controller_interface/controller_base.h:37[m[K,
                 from [01m[K/home/adrii/talos_public_ws/src/ros_control/controller_interface/include/controller_interface/controller.h:35[m[K,
                 from [01m[K/home/adrii/talos_public_ws/src/talos_astronaut/astronaut_controllers/include/astronaut_controllers/aruco_cartesian_controller.h:9[m[K,
                 from [01m[K/home/adrii/talos_public_ws/src/talos_astronaut/astronaut_controllers/src/cartesian_controller.cpp:3[m[K:
/home/adrii/talos_public_ws/src/ros_control/hardware_interface/include/hardware_interface/internal/interface_manager.h: In instantiation of â€˜[01m[Kstatic char (& hardware_interface::CheckIsResourceManager<T>::callCM(std::vector<C*>&, C*, typename C::resource_manager_type*))[1] [with C = hardware_interface::EffortJointInterface; T = hardware_interface::EffortJointInterface; hardware_interface::CheckIsResourceManager<T>::yes = char [1]; typename C::resource_manager_type = hardware_interface::ResourceManager<hardware_interface::JointHandle>][m[Kâ€™:
[01m[K/home/adrii/talos_public_ws/src/ros_control/hardware_interface/include/hardware_interface/internal/interface_manager.h:83:14:[m[K   required from â€˜[01m[Kstatic const void hardware_interface::CheckIsResourceManager<T>::callConcatManagers(std::vector<T*>&, T*) [with T = hardware_interface::EffortJointInterface][m[Kâ€™
[01m[K/home/adrii/talos_public_ws/src/ros_control/hardware_interface/include/hardware_interface/internal/interface_manager.h:200:54:[m[K   required from â€˜[01m[KT* hardware_interface::InterfaceManager::get() [with T = hardware_interface::EffortJointInterface][m[Kâ€™
[01m[K/home/adrii/talos_public_ws/src/ros_control/controller_interface/include/controller_interface/controller.h:110:30:[m[K   required from â€˜[01m[Kbool controller_interface::Controller<T>::initRequest(hardware_interface::RobotHW*, ros::NodeHandle&, ros::NodeHandle&, controller_interface::ControllerBase::ClaimedResources&) [with T = hardware_interface::EffortJointInterface; controller_interface::ControllerBase::ClaimedResources = std::vector<hardware_interface::InterfaceResources>][m[Kâ€™
[01m[K/home/adrii/talos_public_ws/src/talos_astronaut/astronaut_controllers/include/astronaut_controllers/torso_effort_controller.hpp:533:1:[m[K   required from here
[01m[K/home/adrii/talos_public_ws/src/ros_control/hardware_interface/include/hardware_interface/internal/interface_manager.h:73:9:[m[K [01;35m[Kwarning: [m[Kreference to local variable â€˜[01m[Ktmp_yes[m[Kâ€™ returned [-Wreturn-local-addr]
     yes tmp_yes;
[01;32m[K         ^[m[K
CMakeFiles/astronaut_controllers_lib.dir/build.make:62: fallo en las instrucciones para el objetivo 'CMakeFiles/astronaut_controllers_lib.dir/src/cartesian_controller.cpp.o'
make[2]: *** [CMakeFiles/astronaut_controllers_lib.dir/src/cartesian_controller.cpp.o] Error 1
CMakeFiles/Makefile2:1723: fallo en las instrucciones para el objetivo 'CMakeFiles/astronaut_controllers_lib.dir/all'
make[1]: *** [CMakeFiles/astronaut_controllers_lib.dir/all] Error 2
Makefile:138: fallo en las instrucciones para el objetivo 'all'
make: *** [all] Error 2
